Time : 31/10/2024 12:22:19
IP : ::1
URL : http://localhost:12348/tn/
Message : d:\web\web api\duytin4\Do an\nghenhac\VSW.Website\tn\Views\Home\Index.ascx(10): error CS0103: The name 'ModNewsService' does not exist in the current context
Source : System.Web
TargetSite : System.CodeDom.Compiler.CompilerResults Compile()
StackTrace :    at System.Web.Compilation.AssemblyBuilder.Compile()
   at System.Web.Compilation.BuildProvidersCompiler.PerformBuild()
   at System.Web.Compilation.BuildManager.CompileWebFile(VirtualPath virtualPath)
   at System.Web.Compilation.BuildManager.GetVPathBuildResultInternal(VirtualPath virtualPath, Boolean noBuild, Boolean allowCrossApp, Boolean allowBuildInPrecompile, Boolean throwIfNotFound, Boolean ensureIsUpToDate)
   at System.Web.Compilation.BuildManager.GetVPathBuildResultWithNoAssert(HttpContext context, VirtualPath virtualPath, Boolean noBuild, Boolean allowCrossApp, Boolean allowBuildInPrecompile, Boolean throwIfNotFound, Boolean ensureIsUpToDate)
   at System.Web.UI.TemplateControl.LoadControl(VirtualPath virtualPath)
   at VSW.Core.MVC.ViewPageBase.nguyenthanh_4(String directory) in D:\web\web api\duytin4\Do an\VSW.Corev2.0\MVC\ViewPageBase.cs:line 195
   at VSW.Core.MVC.CPViewPage.OnLoad(EventArgs e) in D:\web\web api\duytin4\Do an\VSW.Corev2.0\MVC\CPViewPage.cs:line 67
   at System.Web.UI.Control.LoadRecursive()
   at System.Web.UI.Page.ProcessRequestMain(Boolean includeStagesBeforeAsyncPoint, Boolean includeStagesAfterAsyncPoint)
   at System.Web.UI.Page.ProcessRequest(Boolean includeStagesBeforeAsyncPoint, Boolean includeStagesAfterAsyncPoint)
   at System.Web.UI.Page.ProcessRequest()
   at System.Web.UI.Page.ProcessRequest(HttpContext context)
   at ASP.tn_default_aspx.ProcessRequest(HttpContext context) in c:\Users\thanh\AppData\Local\Temp\Temporary ASP.NET Files\vs\6b595f1e\b0334880\App_Web_default.aspx.1b5f0318.-scawg9c.0.cs:line 0
   at System.Web.HttpApplication.CallHandlerExecutionStep.System.Web.HttpApplication.IExecutionStep.Execute()
   at System.Web.HttpApplication.ExecuteStepImpl(IExecutionStep step)
   at System.Web.HttpApplication.ExecuteStep(IExecutionStep step, Boolean& completedSynchronously)


Time : 31/10/2024 12:23:07
IP : ::1
URL : http://localhost:12348/tn/
Message : d:\web\web api\duytin4\Do an\nghenhac\VSW.Website\tn\Views\Home\Index.ascx(10): error CS0103: The name 'ModNewsService' does not exist in the current context
Source : System.Web
TargetSite : System.CodeDom.Compiler.CompilerResults Compile()
StackTrace :    at System.Web.Compilation.AssemblyBuilder.Compile()
   at System.Web.Compilation.BuildProvidersCompiler.PerformBuild()
   at System.Web.Compilation.BuildManager.CompileWebFile(VirtualPath virtualPath)
   at System.Web.Compilation.BuildManager.GetVPathBuildResultInternal(VirtualPath virtualPath, Boolean noBuild, Boolean allowCrossApp, Boolean allowBuildInPrecompile, Boolean throwIfNotFound, Boolean ensureIsUpToDate)
   at System.Web.Compilation.BuildManager.GetVPathBuildResultWithNoAssert(HttpContext context, VirtualPath virtualPath, Boolean noBuild, Boolean allowCrossApp, Boolean allowBuildInPrecompile, Boolean throwIfNotFound, Boolean ensureIsUpToDate)
   at System.Web.UI.TemplateControl.LoadControl(VirtualPath virtualPath)
   at VSW.Core.MVC.ViewPageBase.nguyenthanh_4(String directory) in D:\web\web api\duytin4\Do an\VSW.Corev2.0\MVC\ViewPageBase.cs:line 195
   at VSW.Core.MVC.CPViewPage.OnLoad(EventArgs e) in D:\web\web api\duytin4\Do an\VSW.Corev2.0\MVC\CPViewPage.cs:line 67
   at System.Web.UI.Control.LoadRecursive()
   at System.Web.UI.Page.ProcessRequestMain(Boolean includeStagesBeforeAsyncPoint, Boolean includeStagesAfterAsyncPoint)
   at System.Web.UI.Page.ProcessRequest(Boolean includeStagesBeforeAsyncPoint, Boolean includeStagesAfterAsyncPoint)
   at System.Web.UI.Page.ProcessRequest()
   at System.Web.UI.Page.ProcessRequest(HttpContext context)
   at ASP.tn_default_aspx.ProcessRequest(HttpContext context) in c:\Users\thanh\AppData\Local\Temp\Temporary ASP.NET Files\vs\6b595f1e\b0334880\App_Web_default.aspx.1b5f0318.-scawg9c.0.cs:line 0
   at System.Web.HttpApplication.CallHandlerExecutionStep.System.Web.HttpApplication.IExecutionStep.Execute()
   at System.Web.HttpApplication.ExecuteStepImpl(IExecutionStep step)
   at System.Web.HttpApplication.ExecuteStep(IExecutionStep step, Boolean& completedSynchronously)


Time : 31/10/2024 12:23:24
IP : ::1
URL : http://localhost:12348/tn/
Message : d:\web\web api\duytin4\Do an\nghenhac\VSW.Website\tn\Views\Home\Index.ascx(10): error CS0103: The name 'ModNewsService' does not exist in the current context
Source : System.Web
TargetSite : System.CodeDom.Compiler.CompilerResults Compile()
StackTrace :    at System.Web.Compilation.AssemblyBuilder.Compile()
   at System.Web.Compilation.BuildProvidersCompiler.PerformBuild()
   at System.Web.Compilation.BuildManager.CompileWebFile(VirtualPath virtualPath)
   at System.Web.Compilation.BuildManager.GetVPathBuildResultInternal(VirtualPath virtualPath, Boolean noBuild, Boolean allowCrossApp, Boolean allowBuildInPrecompile, Boolean throwIfNotFound, Boolean ensureIsUpToDate)
   at System.Web.Compilation.BuildManager.GetVPathBuildResultWithNoAssert(HttpContext context, VirtualPath virtualPath, Boolean noBuild, Boolean allowCrossApp, Boolean allowBuildInPrecompile, Boolean throwIfNotFound, Boolean ensureIsUpToDate)
   at System.Web.UI.TemplateControl.LoadControl(VirtualPath virtualPath)
   at VSW.Core.MVC.ViewPageBase.nguyenthanh_4(String directory) in D:\web\web api\duytin4\Do an\VSW.Corev2.0\MVC\ViewPageBase.cs:line 195
   at VSW.Core.MVC.CPViewPage.OnLoad(EventArgs e) in D:\web\web api\duytin4\Do an\VSW.Corev2.0\MVC\CPViewPage.cs:line 67
   at System.Web.UI.Control.LoadRecursive()
   at System.Web.UI.Page.ProcessRequestMain(Boolean includeStagesBeforeAsyncPoint, Boolean includeStagesAfterAsyncPoint)
   at System.Web.UI.Page.ProcessRequest(Boolean includeStagesBeforeAsyncPoint, Boolean includeStagesAfterAsyncPoint)
   at System.Web.UI.Page.ProcessRequest()
   at System.Web.UI.Page.ProcessRequest(HttpContext context)
   at ASP.tn_default_aspx.ProcessRequest(HttpContext context) in c:\Users\thanh\AppData\Local\Temp\Temporary ASP.NET Files\vs\6b595f1e\b0334880\App_Web_default.aspx.1b5f0318.-scawg9c.0.cs:line 0
   at System.Web.HttpApplication.CallHandlerExecutionStep.System.Web.HttpApplication.IExecutionStep.Execute()
   at System.Web.HttpApplication.ExecuteStepImpl(IExecutionStep step)
   at System.Web.HttpApplication.ExecuteStep(IExecutionStep step, Boolean& completedSynchronously)


Time : 31/10/2024 12:24:20
IP : ::1
URL : http://localhost:12348/tn/
Message : d:\web\web api\duytin4\Do an\nghenhac\VSW.Website\tn\Views\Home\Index.ascx(230): error CS0103: The name 'listNews' does not exist in the current context
Source : System.Web
TargetSite : System.CodeDom.Compiler.CompilerResults Compile()
StackTrace :    at System.Web.Compilation.AssemblyBuilder.Compile()
   at System.Web.Compilation.BuildProvidersCompiler.PerformBuild()
   at System.Web.Compilation.BuildManager.CompileWebFile(VirtualPath virtualPath)
   at System.Web.Compilation.BuildManager.GetVPathBuildResultInternal(VirtualPath virtualPath, Boolean noBuild, Boolean allowCrossApp, Boolean allowBuildInPrecompile, Boolean throwIfNotFound, Boolean ensureIsUpToDate)
   at System.Web.Compilation.BuildManager.GetVPathBuildResultWithNoAssert(HttpContext context, VirtualPath virtualPath, Boolean noBuild, Boolean allowCrossApp, Boolean allowBuildInPrecompile, Boolean throwIfNotFound, Boolean ensureIsUpToDate)
   at System.Web.UI.TemplateControl.LoadControl(VirtualPath virtualPath)
   at VSW.Core.MVC.ViewPageBase.nguyenthanh_4(String directory) in D:\web\web api\duytin4\Do an\VSW.Corev2.0\MVC\ViewPageBase.cs:line 195
   at VSW.Core.MVC.CPViewPage.OnLoad(EventArgs e) in D:\web\web api\duytin4\Do an\VSW.Corev2.0\MVC\CPViewPage.cs:line 67
   at System.Web.UI.Control.LoadRecursive()
   at System.Web.UI.Page.ProcessRequestMain(Boolean includeStagesBeforeAsyncPoint, Boolean includeStagesAfterAsyncPoint)
   at System.Web.UI.Page.ProcessRequest(Boolean includeStagesBeforeAsyncPoint, Boolean includeStagesAfterAsyncPoint)
   at System.Web.UI.Page.ProcessRequest()
   at System.Web.UI.Page.ProcessRequest(HttpContext context)
   at ASP.tn_default_aspx.ProcessRequest(HttpContext context) in c:\Users\thanh\AppData\Local\Temp\Temporary ASP.NET Files\vs\6b595f1e\b0334880\App_Web_default.aspx.1b5f0318.-scawg9c.0.cs:line 0
   at System.Web.HttpApplication.CallHandlerExecutionStep.System.Web.HttpApplication.IExecutionStep.Execute()
   at System.Web.HttpApplication.ExecuteStepImpl(IExecutionStep step)
   at System.Web.HttpApplication.ExecuteStep(IExecutionStep step, Boolean& completedSynchronously)


Time : 31/10/2024 12:36:58
IP : ::1
URL : http://localhost:12348/tn/ModBrand/Index.aspx
Message : The file '~/tn/Views/ModBrand/Index.ascx' not found
Source : VSW.Corev2.0
TargetSite : Void nguyenthanh_4(System.String)
StackTrace :    at VSW.Core.MVC.ViewPageBase.nguyenthanh_4(String directory) in D:\web\web api\duytin4\Do an\VSW.Corev2.0\MVC\ViewPageBase.cs:line 195
   at VSW.Core.MVC.CPViewPage.OnLoad(EventArgs e) in D:\web\web api\duytin4\Do an\VSW.Corev2.0\MVC\CPViewPage.cs:line 67
   at System.Web.UI.Control.LoadRecursive()
   at System.Web.UI.Page.ProcessRequestMain(Boolean includeStagesBeforeAsyncPoint, Boolean includeStagesAfterAsyncPoint)


Time : 31/10/2024 12:36:58
IP : ::1
URL : http://localhost:12348/tn/ModBrand/Index.aspx
Message : Exception of type 'System.Web.HttpUnhandledException' was thrown.
Source : System.Web
TargetSite : Boolean HandleError(System.Exception)
StackTrace :    at System.Web.UI.Page.HandleError(Exception e)
   at System.Web.UI.Page.ProcessRequestMain(Boolean includeStagesBeforeAsyncPoint, Boolean includeStagesAfterAsyncPoint)
   at System.Web.UI.Page.ProcessRequest(Boolean includeStagesBeforeAsyncPoint, Boolean includeStagesAfterAsyncPoint)
   at System.Web.UI.Page.ProcessRequest()
   at System.Web.UI.Page.ProcessRequest(HttpContext context)
   at ASP.tn_default_aspx.ProcessRequest(HttpContext context) in c:\Users\thanh\AppData\Local\Temp\Temporary ASP.NET Files\vs\6b595f1e\b0334880\App_Web_default.aspx.1b5f0318.eqkxg83m.0.cs:line 0
   at System.Web.HttpApplication.CallHandlerExecutionStep.System.Web.HttpApplication.IExecutionStep.Execute()
   at System.Web.HttpApplication.ExecuteStepImpl(IExecutionStep step)
   at System.Web.HttpApplication.ExecuteStep(IExecutionStep step, Boolean& completedSynchronously)


Time : 31/10/2024 12:37:06
IP : ::1
URL : http://localhost:12348/tn/ModBrand/Index.aspx
Message : The file '~/tn/Views/ModBrand/Index.ascx' not found
Source : VSW.Corev2.0
TargetSite : Void nguyenthanh_4(System.String)
StackTrace :    at VSW.Core.MVC.ViewPageBase.nguyenthanh_4(String directory) in D:\web\web api\duytin4\Do an\VSW.Corev2.0\MVC\ViewPageBase.cs:line 195
   at VSW.Core.MVC.CPViewPage.OnLoad(EventArgs e) in D:\web\web api\duytin4\Do an\VSW.Corev2.0\MVC\CPViewPage.cs:line 67
   at System.Web.UI.Control.LoadRecursive()
   at System.Web.UI.Page.ProcessRequestMain(Boolean includeStagesBeforeAsyncPoint, Boolean includeStagesAfterAsyncPoint)


Time : 31/10/2024 12:37:06
IP : ::1
URL : http://localhost:12348/tn/ModBrand/Index.aspx
Message : Exception of type 'System.Web.HttpUnhandledException' was thrown.
Source : System.Web
TargetSite : Boolean HandleError(System.Exception)
StackTrace :    at System.Web.UI.Page.HandleError(Exception e)
   at System.Web.UI.Page.ProcessRequestMain(Boolean includeStagesBeforeAsyncPoint, Boolean includeStagesAfterAsyncPoint)
   at System.Web.UI.Page.ProcessRequest(Boolean includeStagesBeforeAsyncPoint, Boolean includeStagesAfterAsyncPoint)
   at System.Web.UI.Page.ProcessRequest()
   at System.Web.UI.Page.ProcessRequest(HttpContext context)
   at ASP.tn_default_aspx.ProcessRequest(HttpContext context) in c:\Users\thanh\AppData\Local\Temp\Temporary ASP.NET Files\vs\6b595f1e\b0334880\App_Web_default.aspx.1b5f0318.eqkxg83m.0.cs:line 0
   at System.Web.HttpApplication.CallHandlerExecutionStep.System.Web.HttpApplication.IExecutionStep.Execute()
   at System.Web.HttpApplication.ExecuteStepImpl(IExecutionStep step)
   at System.Web.HttpApplication.ExecuteStep(IExecutionStep step, Boolean& completedSynchronously)


