Time : 01/01/2021 12:20:54
IP : 66.249.71.58
URL : https://vlxdkn.vn/bon-tam-nam-chan-yem-toto-pay1725hvc-tvbf411.html
Unable to load DLL 'libwebp.dll': The specified module could not be found. (Exception from HRESULT: 0x8007007E)


Time : 01/01/2021 03:26:14
IP : 66.249.71.62
URL : https://vlxdkn.vn/voi-rua-bat-gan-tuong-nong-lanh-amy-am-5002.html
Unable to load DLL 'libwebp.dll': The specified module could not be found. (Exception from HRESULT: 0x8007007E)


Time : 01/01/2021 05:01:20
IP : 66.249.71.62
URL : https://vlxdkn.vn/tu-chau-lavabo-govern-a1002.html
Unable to load DLL 'libwebp.dll': The specified module could not be found. (Exception from HRESULT: 0x8007007E)


Time : 01/01/2021 05:16:37
IP : 66.249.71.58
URL : https://vlxdkn.vn/voi-sen-tam-nong-lanh-caesar-s743c.html
Unable to load DLL 'libwebp.dll': The specified module could not be found. (Exception from HRESULT: 0x8007007E)


Time : 01/01/2021 05:17:12
IP : 66.249.71.60
URL : https://vlxdkn.vn/voi-sen-tam-nuoc-lanh-caesar-s038c.html
Unable to load DLL 'libwebp.dll': The specified module could not be found. (Exception from HRESULT: 0x8007007E)


Time : 01/01/2021 05:17:59
IP : 66.249.71.58
URL : https://vlxdkn.vn/voi-sen-tam-nong-lanh-caesar-s543c.html
Unable to load DLL 'libwebp.dll': The specified module could not be found. (Exception from HRESULT: 0x8007007E)


Time : 01/01/2021 05:21:14
IP : 66.249.71.58
URL : https://vlxdkn.vn/voi-sen-tam-nuoc-lanh-caesar-s038cp.html
Unable to load DLL 'libwebp.dll': The specified module could not be found. (Exception from HRESULT: 0x8007007E)


Time : 01/01/2021 05:22:27
IP : 66.249.71.58
URL : https://vlxdkn.vn/voi-sen-tam-nong-lanh-caesar-s843c.html
Unable to load DLL 'libwebp.dll': The specified module could not be found. (Exception from HRESULT: 0x8007007E)


Time : 01/01/2021 05:25:19
IP : 66.249.71.60
URL : https://vlxdkn.vn/voi-sen-tam-nong-lanh-caesar-s823c.html
Unable to load DLL 'libwebp.dll': The specified module could not be found. (Exception from HRESULT: 0x8007007E)


Time : 01/01/2021 05:26:01
IP : 66.249.71.58
URL : https://vlxdkn.vn/voi-sen-tam-nong-lanh-caesar-s813c.html
Unable to load DLL 'libwebp.dll': The specified module could not be found. (Exception from HRESULT: 0x8007007E)


Time : 01/01/2021 05:33:03
IP : 13.66.139.0
URL : https://vlxdkn.vn/{RS:link-youtube}
Message : A potentially dangerous Request.Path value was detected from the client (:).
Source : System.Web
TargetSite : Void ValidateInputIfRequiredByConfig()
StackTrace :    at System.Web.HttpRequest.ValidateInputIfRequiredByConfig()
   at System.Web.HttpApplication.PipelineStepManager.ValidateHelper(HttpContext context)


Time : 01/01/2021 05:33:23
IP : 13.66.139.0
URL : https://vlxdkn.vn/{RS:link-youtube}
Message : A potentially dangerous Request.Path value was detected from the client (:).
Source : System.Web
TargetSite : Void ValidateInputIfRequiredByConfig()
StackTrace :    at System.Web.HttpRequest.ValidateInputIfRequiredByConfig()
   at System.Web.HttpApplication.PipelineStepManager.ValidateHelper(HttpContext context)


Time : 01/01/2021 06:32:48
IP : 66.249.71.62
URL : https://vlxdkn.vn/gach-lat-nen-prime-80x80-0380080008810.html
Unable to load DLL 'libwebp.dll': The specified module could not be found. (Exception from HRESULT: 0x8007007E)


Time : 01/01/2021 06:38:26
IP : 66.249.71.60
URL : https://vlxdkn.vn/sen-cay-nhiet-do-toto-tbw01401b.html
Unable to load DLL 'libwebp.dll': The specified module could not be found. (Exception from HRESULT: 0x8007007E)


Time : 01/01/2021 09:21:08
IP : 66.249.71.60
URL : https://vlxdkn.vn/gach-op-tuong-kis-30x60-ks36051.html
Unable to load DLL 'libwebp.dll': The specified module could not be found. (Exception from HRESULT: 0x8007007E)


Time : 01/01/2021 09:21:15
IP : 66.249.71.60
URL : https://vlxdkn.vn/gach-op-tuong-kis-30x60-ks3646ay.html
Unable to load DLL 'libwebp.dll': The specified module could not be found. (Exception from HRESULT: 0x8007007E)


Time : 01/01/2021 09:21:25
IP : 66.249.71.58
URL : https://vlxdkn.vn/gach-op-tuong-kis-30x60-ks3646cy.html
Unable to load DLL 'libwebp.dll': The specified module could not be found. (Exception from HRESULT: 0x8007007E)


Time : 01/01/2021 09:21:28
IP : 66.249.71.58
URL : https://vlxdkn.vn/gach-op-tuong-kis-30x60-ks3646by.html
Unable to load DLL 'libwebp.dll': The specified module could not be found. (Exception from HRESULT: 0x8007007E)


Time : 01/01/2021 09:22:02
IP : 66.249.71.58
URL : https://vlxdkn.vn/gach-op-tuong-kis-30x60-kh60308r.html
Unable to load DLL 'libwebp.dll': The specified module could not be found. (Exception from HRESULT: 0x8007007E)


Time : 01/01/2021 09:22:36
IP : 66.249.71.60
URL : https://vlxdkn.vn/gach-op-tuong-kis-30x60-kh60377.html
Unable to load DLL 'libwebp.dll': The specified module could not be found. (Exception from HRESULT: 0x8007007E)


Time : 01/01/2021 09:23:10
IP : 66.249.71.60
URL : https://vlxdkn.vn/gach-op-tuong-kis-30x60-ks3665p.html
Unable to load DLL 'libwebp.dll': The specified module could not be found. (Exception from HRESULT: 0x8007007E)


Time : 01/01/2021 09:23:45
IP : 66.249.71.58
URL : https://vlxdkn.vn/gach-op-tuong-kis-30x60-ks3646dy.html
Unable to load DLL 'libwebp.dll': The specified module could not be found. (Exception from HRESULT: 0x8007007E)


Time : 01/01/2021 12:09:08
IP : 66.249.71.60
URL : https://vlxdkn.vn/lavabo-dat-ban-american-standard-square-wpf611.html
Unable to load DLL 'libwebp.dll': The specified module could not be found. (Exception from HRESULT: 0x8007007E)


Time : 01/01/2021 12:09:18
IP : 66.249.71.58
URL : https://vlxdkn.vn/lavabo-duong-ban-american-standard-vf0476.html
Unable to load DLL 'libwebp.dll': The specified module could not be found. (Exception from HRESULT: 0x8007007E)


Time : 01/01/2021 12:09:34
IP : 66.249.71.58
URL : https://vlxdkn.vn/lavabo-duong-ban-american-standard-0452wt.html
Unable to load DLL 'libwebp.dll': The specified module could not be found. (Exception from HRESULT: 0x8007007E)


Time : 01/01/2021 12:10:13
IP : 66.249.71.60
URL : https://vlxdkn.vn/lavabo-dat-ban-american-standard-active-0950wt.html
Unable to load DLL 'libwebp.dll': The specified module could not be found. (Exception from HRESULT: 0x8007007E)


Time : 01/01/2021 12:10:32
IP : 66.249.71.58
URL : https://vlxdkn.vn/lavabo-treo-tuong-american-standard-codie-vf0947.html
Unable to load DLL 'libwebp.dll': The specified module could not be found. (Exception from HRESULT: 0x8007007E)


Time : 01/01/2021 12:10:51
IP : 66.249.71.58
URL : https://vlxdkn.vn/lavabo-dat-ban-american-standard-milano-wpf650.html
Unable to load DLL 'libwebp.dll': The specified module could not be found. (Exception from HRESULT: 0x8007007E)


Time : 01/01/2021 12:11:11
IP : 66.249.71.60
URL : https://vlxdkn.vn/lavabo-dat-ban-american-standard-kastello-wpf5253h.html
Unable to load DLL 'libwebp.dll': The specified module could not be found. (Exception from HRESULT: 0x8007007E)


Time : 01/01/2021 12:11:30
IP : 66.249.71.60
URL : https://vlxdkn.vn/lavabo-dat-ban-american-standard-nobile-wpf616.html
Unable to load DLL 'libwebp.dll': The specified module could not be found. (Exception from HRESULT: 0x8007007E)


Time : 01/01/2021 12:11:49
IP : 66.249.71.58
URL : https://vlxdkn.vn/lavabo-dat-ban-american-standard-ids-dynamic-wpf648.html
Unable to load DLL 'libwebp.dll': The specified module could not be found. (Exception from HRESULT: 0x8007007E)


Time : 01/01/2021 12:12:09
IP : 66.249.71.62
URL : https://vlxdkn.vn/lavabo-dat-ban-american-standard-cygnet-wpf646.html
Unable to load DLL 'libwebp.dll': The specified module could not be found. (Exception from HRESULT: 0x8007007E)


Time : 01/01/2021 12:12:28
IP : 66.249.71.58
URL : https://vlxdkn.vn/lavabo-treo-tuong-american-standard-gala-vf0940.html
Unable to load DLL 'libwebp.dll': The specified module could not be found. (Exception from HRESULT: 0x8007007E)


Time : 01/01/2021 12:12:48
IP : 66.249.71.58
URL : https://vlxdkn.vn/lavabo-dat-ban-american-standard-acacia-e-vf0620.html
Unable to load DLL 'libwebp.dll': The specified module could not be found. (Exception from HRESULT: 0x8007007E)


Time : 01/01/2021 12:13:07
IP : 66.249.71.58
URL : https://vlxdkn.vn/lavabo-dat-ban-american-standard-ids-clear-wpf626.html
Unable to load DLL 'libwebp.dll': The specified module could not be found. (Exception from HRESULT: 0x8007007E)


Time : 01/01/2021 12:13:27
IP : 66.249.71.60
URL : https://vlxdkn.vn/lavabo-dat-ban-american-standard-neo-modern-wpf633.html
Unable to load DLL 'libwebp.dll': The specified module could not be found. (Exception from HRESULT: 0x8007007E)


Time : 01/01/2021 12:13:47
IP : 66.249.71.58
URL : https://vlxdkn.vn/lavabo-dat-ban-american-standard-kastello-wpf5251h.html
Unable to load DLL 'libwebp.dll': The specified module could not be found. (Exception from HRESULT: 0x8007007E)


Time : 01/01/2021 12:14:07
IP : 66.249.71.58
URL : https://vlxdkn.vn/lavabo-treo-tuong-american-standard-neo-modern-0953wt.html
Unable to load DLL 'libwebp.dll': The specified module could not be found. (Exception from HRESULT: 0x8007007E)


Time : 01/01/2021 12:24:26
IP : 66.249.71.62
URL : https://vlxdkn.vn/bon-tam-nam-govern-js6106.html
Unable to load DLL 'libwebp.dll': The specified module could not be found. (Exception from HRESULT: 0x8007007E)


Time : 01/01/2021 02:23:43
IP : 66.249.71.62
URL : https://vlxdkn.vn/gach-op-tuong-prime-40x80-0540080008253.html
Unable to load DLL 'libwebp.dll': The specified module could not be found. (Exception from HRESULT: 0x8007007E)


Time : 01/01/2021 02:23:57
IP : 66.249.71.58
URL : https://vlxdkn.vn/gach-op-tuong-prime-40x80-0540080008265.html
Unable to load DLL 'libwebp.dll': The specified module could not be found. (Exception from HRESULT: 0x8007007E)


Time : 01/01/2021 02:24:06
IP : 66.249.71.60
URL : https://vlxdkn.vn/gach-op-tuong-prime-40x80-0540080008258.html
Unable to load DLL 'libwebp.dll': The specified module could not be found. (Exception from HRESULT: 0x8007007E)


Time : 01/01/2021 02:24:30
IP : 66.249.71.58
URL : https://vlxdkn.vn/gach-op-tuong-prime-40x80-0540080008247.html
Unable to load DLL 'libwebp.dll': The specified module could not be found. (Exception from HRESULT: 0x8007007E)


Time : 01/01/2021 02:26:57
IP : 115.76.50.183
URL : https://vlxdkn.vn/gach-lat-nen-y-my-60x60-en69005.html
Unable to load DLL 'libwebp.dll': The specified module could not be found. (Exception from HRESULT: 0x8007007E)


Time : 01/01/2021 02:27:50
IP : 66.249.71.58
URL : https://vlxdkn.vn/lavabo-dat-ban-american-standard-acacia-e-0509wt.html
Unable to load DLL 'libwebp.dll': The specified module could not be found. (Exception from HRESULT: 0x8007007E)


Time : 01/01/2021 04:05:05
IP : 66.249.71.62
URL : https://vlxdkn.vn/bon-tieu-nam-dat-san-caesar-ua0284.html
Unable to load DLL 'libwebp.dll': The specified module could not be found. (Exception from HRESULT: 0x8007007E)


Time : 01/01/2021 04:10:06
IP : 66.249.71.60
URL : https://vlxdkn.vn/bon-tieu-nam-treo-tuong-caesar-u0267.html
Unable to load DLL 'libwebp.dll': The specified module could not be found. (Exception from HRESULT: 0x8007007E)


Time : 01/01/2021 06:01:52
IP : 66.249.71.62
URL : https://vlxdkn.vn/bon-tam-nam-chan-yem-toto-pay1715hvc-tvbf411.html
Unable to load DLL 'libwebp.dll': The specified module could not be found. (Exception from HRESULT: 0x8007007E)


Time : 01/01/2021 07:46:38
IP : 66.249.71.58
URL : https://vlxdkn.vn/chau-rua-bat-2-ho-daeshin-sqs8548.html
Unable to load DLL 'libwebp.dll': The specified module could not be found. (Exception from HRESULT: 0x8007007E)


Time : 01/01/2021 07:51:39
IP : 66.249.71.58
URL : https://vlxdkn.vn/chau-rua-bat-2-ho-daeshin-sqs8246.html
Unable to load DLL 'libwebp.dll': The specified module could not be found. (Exception from HRESULT: 0x8007007E)


Time : 01/01/2021 08:15:27
IP : 66.249.71.60
URL : https://vlxdkn.vn/lo-giay-ve-sinh-inax-h486v.html
Unable to load DLL 'libwebp.dll': The specified module could not be found. (Exception from HRESULT: 0x8007007E)


Time : 01/01/2021 08:16:35
IP : 66.249.71.58
URL : https://vlxdkn.vn/lo-giay-ve-sinh-inax-kf746v.html
Unable to load DLL 'libwebp.dll': The specified module could not be found. (Exception from HRESULT: 0x8007007E)


Time : 01/01/2021 08:18:24
IP : 66.249.71.58
URL : https://vlxdkn.vn/lo-giay-ve-sinh-inax-kf546v.html
Unable to load DLL 'libwebp.dll': The specified module could not be found. (Exception from HRESULT: 0x8007007E)


Time : 01/01/2021 08:21:51
IP : 66.249.71.60
URL : https://vlxdkn.vn/lo-giay-ve-sinh-inax-kf846v.html
Unable to load DLL 'libwebp.dll': The specified module could not be found. (Exception from HRESULT: 0x8007007E)


Time : 01/01/2021 08:45:57
IP : 66.249.71.62
URL : https://vlxdkn.vn/chau-lavabo-dat-ban-toto-lt4704g17.html
Unable to load DLL 'libwebp.dll': The specified module could not be found. (Exception from HRESULT: 0x8007007E)


Time : 01/01/2021 09:41:55
IP : 66.249.71.60
URL : https://vlxdkn.vn/chau-rua-bat-teka-frame-2b-12d.html
Unable to load DLL 'libwebp.dll': The specified module could not be found. (Exception from HRESULT: 0x8007007E)


Time : 01/01/2021 09:57:36
IP : 66.249.71.60
URL : https://vlxdkn.vn/voi-sen-tam-nong-lanh-caesar-s423c.html
Unable to load DLL 'libwebp.dll': The specified module could not be found. (Exception from HRESULT: 0x8007007E)


Time : 01/01/2021 10:13:38
IP : 66.249.71.58
URL : https://vlxdkn.vn/voi-sen-tam-nong-lanh-toto-tbg04302v-dgh104zr.html
Unable to load DLL 'libwebp.dll': The specified module could not be found. (Exception from HRESULT: 0x8007007E)


Time : 01/01/2021 10:14:01
IP : 66.249.71.58
URL : https://vlxdkn.vn/voi-sen-tam-nong-lanh-toto-tbs04302v-dgh104zr.html
Unable to load DLL 'libwebp.dll': The specified module could not be found. (Exception from HRESULT: 0x8007007E)


Time : 01/01/2021 10:14:03
IP : 66.249.71.58
URL : https://vlxdkn.vn/voi-sen-tam-nong-lanh-toto-tbg02302v-dgh104zr.html
Unable to load DLL 'libwebp.dll': The specified module could not be found. (Exception from HRESULT: 0x8007007E)


Time : 01/01/2021 10:14:06
IP : 66.249.71.58
URL : https://vlxdkn.vn/voi-sen-tam-nhiet-do-toto-tbv03429v-tbw02006a.html
Unable to load DLL 'libwebp.dll': The specified module could not be found. (Exception from HRESULT: 0x8007007E)


Time : 01/01/2021 10:14:09
IP : 66.249.71.58
URL : https://vlxdkn.vn/voi-sen-tam-nhiet-do-toto-tbv03427v-tbw01008a.html
Unable to load DLL 'libwebp.dll': The specified module could not be found. (Exception from HRESULT: 0x8007007E)


Time : 01/01/2021 10:14:10
IP : 66.249.71.58
URL : https://vlxdkn.vn/voi-sen-tam-nhiet-do-toto-tbv03429v-tbw01008a.html
Unable to load DLL 'libwebp.dll': The specified module could not be found. (Exception from HRESULT: 0x8007007E)


Time : 01/01/2021 10:14:12
IP : 66.249.71.58
URL : https://vlxdkn.vn/voi-sen-tam-nhiet-do-toto-tbv03429v-tbw02017a.html
Unable to load DLL 'libwebp.dll': The specified module could not be found. (Exception from HRESULT: 0x8007007E)


Time : 01/01/2021 10:14:15
IP : 66.249.71.58
URL : https://vlxdkn.vn/voi-sen-tam-nong-lanh-toto-tbs02302v-dgh104zr.html
Unable to load DLL 'libwebp.dll': The specified module could not be found. (Exception from HRESULT: 0x8007007E)


Time : 01/01/2021 10:14:17
IP : 66.249.71.58
URL : https://vlxdkn.vn/voi-sen-tam-nhiet-do-toto-tbv03429v-tbw03002b.html
Unable to load DLL 'libwebp.dll': The specified module could not be found. (Exception from HRESULT: 0x8007007E)


Time : 01/01/2021 10:14:20
IP : 66.249.71.58
URL : https://vlxdkn.vn/voi-sen-tam-nhiet-do-toto-tbv03431v-tbw02006a.html
Unable to load DLL 'libwebp.dll': The specified module could not be found. (Exception from HRESULT: 0x8007007E)


Time : 01/01/2021 10:14:22
IP : 66.249.71.58
URL : https://vlxdkn.vn/voi-sen-tam-nhiet-do-toto-tbv03431v-tbw01008a.html
Unable to load DLL 'libwebp.dll': The specified module could not be found. (Exception from HRESULT: 0x8007007E)


Time : 01/01/2021 10:14:25
IP : 66.249.71.58
URL : https://vlxdkn.vn/voi-sen-tam-nhiet-do-toto-tbv03427v-tbw01010a.html
Unable to load DLL 'libwebp.dll': The specified module could not be found. (Exception from HRESULT: 0x8007007E)


Time : 01/01/2021 10:14:28
IP : 66.249.71.58
URL : https://vlxdkn.vn/voi-sen-tam-nong-lanh-toto-tbs03302v-dgh104zr.html
Unable to load DLL 'libwebp.dll': The specified module could not be found. (Exception from HRESULT: 0x8007007E)


Time : 01/01/2021 10:14:30
IP : 66.249.71.58
URL : https://vlxdkn.vn/voi-sen-tam-nong-lanh-toto-tvsm110ru-dgh104zr.html
Unable to load DLL 'libwebp.dll': The specified module could not be found. (Exception from HRESULT: 0x8007007E)


Time : 01/01/2021 10:14:33
IP : 66.249.71.58
URL : https://vlxdkn.vn/voi-sen-tam-nhiet-do-toto-tbv03427v-tbw03002b.html
Unable to load DLL 'libwebp.dll': The specified module could not be found. (Exception from HRESULT: 0x8007007E)


Time : 01/01/2021 10:14:35
IP : 66.249.71.58
URL : https://vlxdkn.vn/voi-sen-tam-nhiet-do-toto-tbv03427v-tbw02017a.html
Unable to load DLL 'libwebp.dll': The specified module could not be found. (Exception from HRESULT: 0x8007007E)


Time : 01/01/2021 10:14:38
IP : 66.249.71.58
URL : https://vlxdkn.vn/voi-sen-tam-nhiet-do-toto-tbv03431v-tbw03002b.html
Unable to load DLL 'libwebp.dll': The specified module could not be found. (Exception from HRESULT: 0x8007007E)


Time : 01/01/2021 10:14:41
IP : 66.249.71.60
URL : https://vlxdkn.vn/voi-sen-tam-nong-lanh-toto-tbg03302v-dgh104zr.html
Unable to load DLL 'libwebp.dll': The specified module could not be found. (Exception from HRESULT: 0x8007007E)


Time : 01/01/2021 10:14:43
IP : 66.249.71.58
URL : https://vlxdkn.vn/voi-sen-tam-nhiet-do-toto-tbv03429v-tbw01010a.html
Unable to load DLL 'libwebp.dll': The specified module could not be found. (Exception from HRESULT: 0x8007007E)


Time : 01/01/2021 10:21:07
IP : 66.249.71.62
URL : https://vlxdkn.vn/voi-sen-tam-nhiet-do-toto-tbv03431v-tbw01010a.html
Unable to load DLL 'libwebp.dll': The specified module could not be found. (Exception from HRESULT: 0x8007007E)


Time : 01/01/2021 10:21:43
IP : 66.249.71.58
URL : https://vlxdkn.vn/voi-sen-tam-nong-lanh-caesar-s403c.html
Unable to load DLL 'libwebp.dll': The specified module could not be found. (Exception from HRESULT: 0x8007007E)


Time : 01/01/2021 10:21:51
IP : 66.249.71.58
URL : https://vlxdkn.vn/voi-sen-tam-am-tuong-caesar-bs644.html
Unable to load DLL 'libwebp.dll': The specified module could not be found. (Exception from HRESULT: 0x8007007E)


Time : 01/01/2021 10:22:07
IP : 66.249.71.60
URL : https://vlxdkn.vn/voi-sen-tam-nong-lanh-caesar-s143c.html
Unable to load DLL 'libwebp.dll': The specified module could not be found. (Exception from HRESULT: 0x8007007E)


Time : 01/01/2021 10:22:21
IP : 66.249.71.60
URL : https://vlxdkn.vn/voi-sen-tam-nong-lanh-caesar-s773c.html
Unable to load DLL 'libwebp.dll': The specified module could not be found. (Exception from HRESULT: 0x8007007E)


Time : 01/01/2021 10:22:35
IP : 66.249.71.58
URL : https://vlxdkn.vn/voi-sen-tam-nhiet-do-caesar-ts617.html
Unable to load DLL 'libwebp.dll': The specified module could not be found. (Exception from HRESULT: 0x8007007E)


Time : 01/01/2021 10:22:50
IP : 66.249.71.58
URL : https://vlxdkn.vn/voi-sen-tam-am-tuong-caesar-bs641.html
Unable to load DLL 'libwebp.dll': The specified module could not be found. (Exception from HRESULT: 0x8007007E)


Time : 01/01/2021 10:23:04
IP : 66.249.71.62
URL : https://vlxdkn.vn/voi-sen-tam-nong-lanh-caesar-s463c.html
Unable to load DLL 'libwebp.dll': The specified module could not be found. (Exception from HRESULT: 0x8007007E)


Time : 01/01/2021 10:23:19
IP : 66.249.71.60
URL : https://vlxdkn.vn/voi-sen-tam-nong-lanh-caesar-s573c.html
Unable to load DLL 'libwebp.dll': The specified module could not be found. (Exception from HRESULT: 0x8007007E)


Time : 01/01/2021 10:23:33
IP : 66.249.71.58
URL : https://vlxdkn.vn/voi-sen-tam-nong-lanh-caesar-s350c.html
Unable to load DLL 'libwebp.dll': The specified module could not be found. (Exception from HRESULT: 0x8007007E)


Time : 01/01/2021 10:23:48
IP : 66.249.71.58
URL : https://vlxdkn.vn/voi-sen-tam-nong-lanh-caesar-s493c.html
Unable to load DLL 'libwebp.dll': The specified module could not be found. (Exception from HRESULT: 0x8007007E)


Time : 01/01/2021 10:24:03
IP : 66.249.71.58
URL : https://vlxdkn.vn/voi-sen-tam-nong-lanh-caesar-s433cw.html
Unable to load DLL 'libwebp.dll': The specified module could not be found. (Exception from HRESULT: 0x8007007E)


Time : 01/01/2021 10:24:36
IP : 66.249.71.58
URL : https://vlxdkn.vn/voi-sen-tam-nong-lanh-caesar-s360cp.html
Unable to load DLL 'libwebp.dll': The specified module could not be found. (Exception from HRESULT: 0x8007007E)


Time : 01/01/2021 10:41:57
IP : 66.249.71.60
URL : https://vlxdkn.vn/gach-lat-san-vuon-vitto-50x50-3785.html
Unable to load DLL 'libwebp.dll': The specified module could not be found. (Exception from HRESULT: 0x8007007E)


Time : 01/01/2021 11:13:08
IP : 66.249.71.58
URL : https://vlxdkn.vn/gach-op-lat-gia-da-eurotile-30x60-voc-g01.html
Unable to load DLL 'libwebp.dll': The specified module could not be found. (Exception from HRESULT: 0x8007007E)


Time : 01/01/2021 11:14:18
IP : 66.249.71.58
URL : https://vlxdkn.vn/gach-op-lat-eurotile-30x60-sat-g02.html
Unable to load DLL 'libwebp.dll': The specified module could not be found. (Exception from HRESULT: 0x8007007E)


Time : 01/01/2021 11:48:34
IP : 66.249.71.60
URL : https://vlxdkn.vn/van-xa-tieu-nam-cam-ung-caesar-a623.html
Unable to load DLL 'libwebp.dll': The specified module could not be found. (Exception from HRESULT: 0x8007007E)


Time : 02/01/2021 12:23:17
IP : 66.249.71.58
URL : https://vlxdkn.vn/bon-tieu-nam-treo-tuong-inax-au431vr.html
Unable to load DLL 'libwebp.dll': The specified module could not be found. (Exception from HRESULT: 0x8007007E)


Time : 02/01/2021 12:35:51
IP : 66.249.71.58
URL : https://vlxdkn.vn/bep-tu-teka-irc-9430-ks.html
Unable to load DLL 'libwebp.dll': The specified module could not be found. (Exception from HRESULT: 0x8007007E)


Time : 02/01/2021 12:51:10
IP : 66.249.71.60
URL : https://vlxdkn.vn/bep-tu-teka-iz-8320-hs.html
Unable to load DLL 'libwebp.dll': The specified module could not be found. (Exception from HRESULT: 0x8007007E)


Time : 02/01/2021 01:12:33
IP : 66.249.71.58
URL : https://vlxdkn.vn/voi-sen-tam-nhiet-do-toto-tbv03427v-tbw02006a.html
Unable to load DLL 'libwebp.dll': The specified module could not be found. (Exception from HRESULT: 0x8007007E)


Time : 02/01/2021 01:42:42
IP : 66.249.71.58
URL : https://vlxdkn.vn/voi-sen-tam-nong-lanh-toto-tbg01302v-dgh104zr.html
Unable to load DLL 'libwebp.dll': The specified module could not be found. (Exception from HRESULT: 0x8007007E)


Time : 02/01/2021 01:51:19
IP : 66.249.71.58
URL : https://vlxdkn.vn/gia-treo-khan-tam-toto-yt408s4rv.html
Unable to load DLL 'libwebp.dll': The specified module could not be found. (Exception from HRESULT: 0x8007007E)


Time : 02/01/2021 01:51:38
IP : 66.249.71.58
URL : https://vlxdkn.vn/gia-treo-khan-tam-toto-ts702.html
Unable to load DLL 'libwebp.dll': The specified module could not be found. (Exception from HRESULT: 0x8007007E)


Time : 02/01/2021 01:53:15
IP : 66.249.71.62
URL : https://vlxdkn.vn/ke-de-khan-tam-toto-tx4wac.html
Unable to load DLL 'libwebp.dll': The specified module could not be found. (Exception from HRESULT: 0x8007007E)


Time : 02/01/2021 02:52:21
IP : 66.249.71.58
URL : https://vlxdkn.vn/lo-giay-ve-sinh-american-standard-acacia-e-k1387.html
Unable to load DLL 'libwebp.dll': The specified module could not be found. (Exception from HRESULT: 0x8007007E)


Time : 02/01/2021 05:59:56
IP : 66.249.71.62
URL : https://vlxdkn.vn/voi-sen-tam-nong-lanh-caesar-s233c.html
Unable to load DLL 'libwebp.dll': The specified module could not be found. (Exception from HRESULT: 0x8007007E)


Time : 02/01/2021 05:59:56
IP : 66.249.71.60
URL : https://vlxdkn.vn/chau-lavabo-dat-ban-viglacera-cd17.html
Unable to load DLL 'libwebp.dll': The specified module could not be found. (Exception from HRESULT: 0x8007007E)


Time : 02/01/2021 07:59:56
IP : 66.249.71.60
URL : https://vlxdkn.vn/gach-op-tuong-gia-da-hoan-my-40x80-040117001.html
Unable to load DLL 'libwebp.dll': The specified module could not be found. (Exception from HRESULT: 0x8007007E)


Time : 02/01/2021 08:28:19
IP : 66.249.71.62
URL : https://vlxdkn.vn/voi-sen-tam-nong-lanh-american-standard-nobile-wf0611.html
Unable to load DLL 'libwebp.dll': The specified module could not be found. (Exception from HRESULT: 0x8007007E)


Time : 02/01/2021 09:17:32
IP : 66.249.71.60
URL : https://vlxdkn.vn/gach-lat-nen-gia-da-kis-60x60-k60067cy.html
Unable to load DLL 'libwebp.dll': The specified module could not be found. (Exception from HRESULT: 0x8007007E)


Time : 02/01/2021 01:26:18
IP : 13.66.139.0
URL : https://vlxdkn.vn/{RS:link-youtube}
Message : A potentially dangerous Request.Path value was detected from the client (:).
Source : System.Web
TargetSite : Void ValidateInputIfRequiredByConfig()
StackTrace :    at System.Web.HttpRequest.ValidateInputIfRequiredByConfig()
   at System.Web.HttpApplication.PipelineStepManager.ValidateHelper(HttpContext context)


Time : 02/01/2021 02:35:38
IP : 66.249.71.62
URL : https://vlxdkn.vn/gach-op-tuong-y-my-30x60-a36035sl.html
Unable to load DLL 'libwebp.dll': The specified module could not be found. (Exception from HRESULT: 0x8007007E)


Time : 02/01/2021 03:47:43
IP : 66.249.71.60
URL : https://vlxdkn.vn/voi-rua-bat-nong-lanh-gan-chau-teka-kobe-pro.html
Unable to load DLL 'libwebp.dll': The specified module could not be found. (Exception from HRESULT: 0x8007007E)


Time : 02/01/2021 04:12:04
IP : 13.66.139.0
URL : https://vlxdkn.vn/{RS:link-youtube}
Message : A potentially dangerous Request.Path value was detected from the client (:).
Source : System.Web
TargetSite : Void ValidateInputIfRequiredByConfig()
StackTrace :    at System.Web.HttpRequest.ValidateInputIfRequiredByConfig()
   at System.Web.HttpApplication.PipelineStepManager.ValidateHelper(HttpContext context)


Time : 02/01/2021 06:48:42
IP : 66.249.71.60
URL : https://vlxdkn.vn/bon-cau-1-khoi-viglacera-v199.html
Unable to load DLL 'libwebp.dll': The specified module could not be found. (Exception from HRESULT: 0x8007007E)


Time : 03/01/2021 12:26:48
IP : 13.66.139.159
URL : https://vlxdkn.vn/{RS:link-instagram}
Message : A potentially dangerous Request.Path value was detected from the client (:).
Source : System.Web
TargetSite : Void ValidateInputIfRequiredByConfig()
StackTrace :    at System.Web.HttpRequest.ValidateInputIfRequiredByConfig()
   at System.Web.HttpApplication.PipelineStepManager.ValidateHelper(HttpContext context)


Time : 03/01/2021 01:40:44
IP : 13.66.139.159
URL : https://vlxdkn.vn/{RS:link-instagram}
Message : A potentially dangerous Request.Path value was detected from the client (:).
Source : System.Web
TargetSite : Void ValidateInputIfRequiredByConfig()
StackTrace :    at System.Web.HttpRequest.ValidateInputIfRequiredByConfig()
   at System.Web.HttpApplication.PipelineStepManager.ValidateHelper(HttpContext context)


Time : 03/01/2021 07:39:49
IP : 66.249.71.60
URL : https://vlxdkn.vn/guong-nha-tam-tron-caesar-m926.html
Unable to load DLL 'libwebp.dll': The specified module could not be found. (Exception from HRESULT: 0x8007007E)


Time : 03/01/2021 07:41:51
IP : 66.249.71.60
URL : https://vlxdkn.vn/lavabo-duong-ban-inax-l2395v-ecfc.html
Unable to load DLL 'libwebp.dll': The specified module could not be found. (Exception from HRESULT: 0x8007007E)


Time : 03/01/2021 07:47:56
IP : 66.249.71.60
URL : https://vlxdkn.vn/gach-lat-nen-gia-go-prime-60x60-1460060009631.html
Unable to load DLL 'libwebp.dll': The specified module could not be found. (Exception from HRESULT: 0x8007007E)


Time : 03/01/2021 11:27:36
IP : 66.249.71.62
URL : https://vlxdkn.vn/gach-op-tuong-prime-30x60-0530060008652.html
Unable to load DLL 'libwebp.dll': The specified module could not be found. (Exception from HRESULT: 0x8007007E)


Time : 03/01/2021 04:39:54
IP : 66.249.71.58
URL : https://vlxdkn.vn/ke-de-khan-tam-toto-yts902bv.html
Unable to load DLL 'libwebp.dll': The specified module could not be found. (Exception from HRESULT: 0x8007007E)


Time : 03/01/2021 07:55:01
IP : 13.66.139.159
URL : https://vlxdkn.vn/{RS:link-instagram}
Message : A potentially dangerous Request.Path value was detected from the client (:).
Source : System.Web
TargetSite : Void ValidateInputIfRequiredByConfig()
StackTrace :    at System.Web.HttpRequest.ValidateInputIfRequiredByConfig()
   at System.Web.HttpApplication.PipelineStepManager.ValidateHelper(HttpContext context)


Time : 04/01/2021 03:50:47
IP : 66.249.71.60
URL : https://vlxdkn.vn/gach-lat-nen-prime-80x80-0380080008948.html
Unable to load DLL 'libwebp.dll': The specified module could not be found. (Exception from HRESULT: 0x8007007E)


Time : 04/01/2021 05:37:50
IP : 66.249.71.62
URL : https://vlxdkn.vn/{RS:link-instagram}
Message : A potentially dangerous Request.Path value was detected from the client (:).
Source : System.Web
TargetSite : Void ValidateInputIfRequiredByConfig()
StackTrace :    at System.Web.HttpRequest.ValidateInputIfRequiredByConfig()
   at System.Web.HttpApplication.PipelineStepManager.ValidateHelper(HttpContext context)


Time : 04/01/2021 10:21:18
IP : 66.249.71.62
URL : https://vlxdkn.vn/khay-dung-xa-phong-american-standard-acacia-e-k1382.html
Unable to load DLL 'libwebp.dll': The specified module could not be found. (Exception from HRESULT: 0x8007007E)


Time : 04/01/2021 10:33:28
IP : 117.4.245.97
URL : https://vlxdkn.vn/bon-tieu-nam-treo-tuong-american-standard-new-contour-wp6737b.html
Unable to load DLL 'libwebp.dll': The specified module could not be found. (Exception from HRESULT: 0x8007007E)


Time : 04/01/2021 11:16:18
IP : 66.249.71.58
URL : https://vlxdkn.vn/gach-lat-nen-bach-ma-60x60-m6008.html
Unable to load DLL 'libwebp.dll': The specified module could not be found. (Exception from HRESULT: 0x8007007E)


Time : 04/01/2021 03:25:55
IP : 66.249.71.58
URL : https://vlxdkn.vn/bon-tieu-nam-treo-tuong-cam-ung-american-standard-wp6507.html
Unable to load DLL 'libwebp.dll': The specified module could not be found. (Exception from HRESULT: 0x8007007E)


Time : 04/01/2021 03:56:46
IP : 66.249.71.58
URL : https://vlxdkn.vn/gach-lat-san-vuon-prime-50x50-1350050009409.html
Unable to load DLL 'libwebp.dll': The specified module could not be found. (Exception from HRESULT: 0x8007007E)


Time : 04/01/2021 07:11:47
IP : 66.249.71.60
URL : https://vlxdkn.vn/bon-cau-2-khoi-toto-cs986gt8.html
Unable to load DLL 'libwebp.dll': The specified module could not be found. (Exception from HRESULT: 0x8007007E)


Time : 05/01/2021 05:52:31
IP : 66.249.71.58
URL : https://vlxdkn.vn/bon-tieu-nam-treo-tuong-toto-UT904N.html
Unable to load DLL 'libwebp.dll': The specified module could not be found. (Exception from HRESULT: 0x8007007E)


Time : 05/01/2021 06:02:16
IP : 66.249.71.60
URL : https://vlxdkn.vn/gach-op-tuong-royal-hoang-gia-30x60-vg36904.html
Unable to load DLL 'libwebp.dll': The specified module could not be found. (Exception from HRESULT: 0x8007007E)


Time : 05/01/2021 07:49:39
IP : 66.249.71.58
URL : https://vlxdkn.vn/bon-tieu-nam-treo-tuong-american-standard-eco-vf0414.html
Unable to load DLL 'libwebp.dll': The specified module could not be found. (Exception from HRESULT: 0x8007007E)


Time : 05/01/2021 10:36:31
IP : 66.249.71.58
URL : https://vlxdkn.vn/gach-op-lat-gia-da-eurotile-30x60-phs-g02.html
Unable to load DLL 'libwebp.dll': The specified module could not be found. (Exception from HRESULT: 0x8007007E)


Time : 05/01/2021 04:00:58
IP : 66.249.71.62
URL : https://vlxdkn.vn/gach-lat-nen-gia-da-prime-80x80-0380080008924.html
Unable to load DLL 'libwebp.dll': The specified module could not be found. (Exception from HRESULT: 0x8007007E)


Time : 06/01/2021 05:57:12
IP : 74.125.216.38
URL : https://vlxdkn.vn/gach-op-tuong-prime.html?atr=931
Message : Index was out of range. Must be non-negative and less than the size of the collection.
Parameter name: index
Source : mscorlib
TargetSite : Void ThrowArgumentOutOfRangeException(System.ExceptionArgument, System.ExceptionResource)
StackTrace :    at System.ThrowHelper.ThrowArgumentOutOfRangeException(ExceptionArgument argument, ExceptionResource resource)
   at System.Collections.Generic.List`1.get_Item(Int32 index)
   at VSW.Lib.Controllers.CPropertyController.OnLoad()
   at VSW.Core.MVC.ViewPage.RenderHtml(Control control, String controlCode, String vswID, String viewLayout, String action, String defaultProperty)
   at VSW.Core.MVC.ViewPage.InitPage(Control control)
   at VSW.Core.MVC.ViewPage.thanhhung_14(Control control)
   at VSW.Core.MVC.ViewPage.thanhhung_12(Control control, String custom)
   at VSW.Core.MVC.ViewPage.InitPage(Control control)
   at VSW.Core.MVC.ViewPage.InitPage(Control control)
   at VSW.Core.MVC.ViewPage.InitPage(Control control)
   at System.Web.UI.Control.LoadRecursive()
   at System.Web.UI.Page.ProcessRequestMain(Boolean includeStagesBeforeAsyncPoint, Boolean includeStagesAfterAsyncPoint)


Time : 06/01/2021 05:57:12
IP : 74.125.216.38
URL : https://vlxdkn.vn/gach-op-tuong-prime.html?atr=931
Message : Exception of type 'System.Web.HttpUnhandledException' was thrown.
Source : System.Web
TargetSite : Boolean HandleError(System.Exception)
StackTrace :    at System.Web.UI.Page.HandleError(Exception e)
   at System.Web.UI.Page.ProcessRequestMain(Boolean includeStagesBeforeAsyncPoint, Boolean includeStagesAfterAsyncPoint)
   at System.Web.UI.Page.ProcessRequest(Boolean includeStagesBeforeAsyncPoint, Boolean includeStagesAfterAsyncPoint)
   at System.Web.UI.Page.ProcessRequest()
   at System.Web.UI.Page.ProcessRequest(HttpContext context)
   at ASP.default_aspx.ProcessRequest(HttpContext context) in c:\Windows\Microsoft.NET\Framework64\v4.0.30319\Temporary ASP.NET Files\root\df0f291e\fad36b39\App_Web_default.aspx.cdcab7d2.mwaxfesx.0.cs:line 0
   at System.Web.HttpApplication.CallHandlerExecutionStep.System.Web.HttpApplication.IExecutionStep.Execute()
   at System.Web.HttpApplication.ExecuteStepImpl(IExecutionStep step)
   at System.Web.HttpApplication.ExecuteStep(IExecutionStep step, Boolean& completedSynchronously)


Time : 06/01/2021 06:03:04
IP : 66.249.71.62
URL : https://vlxdkn.vn/gach-lat-san-vuon-prime-40x40-0140040009239.html
Unable to load DLL 'libwebp.dll': The specified module could not be found. (Exception from HRESULT: 0x8007007E)


Time : 06/01/2021 09:54:18
IP : 66.249.71.60
URL : https://vlxdkn.vn/tu-chau-lavabo-caesar-lf5253eh05253a.html
Unable to load DLL 'libwebp.dll': The specified module could not be found. (Exception from HRESULT: 0x8007007E)


Time : 06/01/2021 10:54:29
IP : 66.249.71.60
URL : https://vlxdkn.vn/gach-lat-nen-y-my-60x60-n68045.html
Unable to load DLL 'libwebp.dll': The specified module could not be found. (Exception from HRESULT: 0x8007007E)


Time : 06/01/2021 08:34:54
IP : 66.249.71.62
URL : https://vlxdkn.vn/gach-lat-nen-y-my-80x80-p88010.html
Unable to load DLL 'libwebp.dll': The specified module could not be found. (Exception from HRESULT: 0x8007007E)


Time : 07/01/2021 12:13:57
IP : 66.249.71.60
URL : https://vlxdkn.vn/phong-xong-hoi-uot-euroking-eua402.html
Unable to load DLL 'libwebp.dll': The specified module could not be found. (Exception from HRESULT: 0x8007007E)


Time : 07/01/2021 11:11:21
IP : 66.249.64.31
URL : https://vlxdkn.vn/gach-lat-nen-gia-da-y-my-60x60-p68088c.html
Unable to load DLL 'libwebp.dll': The specified module could not be found. (Exception from HRESULT: 0x8007007E)


Time : 08/01/2021 04:12:40
IP : 66.249.71.60
URL : https://vlxdkn.vn/bon-cau-1-khoi-viglacera-bl5m.html
Unable to load DLL 'libwebp.dll': The specified module could not be found. (Exception from HRESULT: 0x8007007E)


Time : 08/01/2021 04:18:25
IP : 66.249.71.58
URL : https://vlxdkn.vn/gach-op-tuong-royal-hoang-gia-30x60-36844.html
Unable to load DLL 'libwebp.dll': The specified module could not be found. (Exception from HRESULT: 0x8007007E)


Time : 08/01/2021 07:24:42
IP : 66.249.72.94
URL : https://vlxdkn.vn/chau-lavabo-chan-dai-toto-lpt767c.html
Unable to load DLL 'libwebp.dll': The specified module could not be found. (Exception from HRESULT: 0x8007007E)


Time : 08/01/2021 10:33:26
IP : 66.249.71.60
URL : https://vlxdkn.vn/gach-lat-nen-prime-50x50-1450050015714.html
Unable to load DLL 'libwebp.dll': The specified module could not be found. (Exception from HRESULT: 0x8007007E)


Time : 09/01/2021 12:19:29
IP : 13.66.139.62
URL : https://vlxdkn.vn/{RS:Link-google-plus}
Message : A potentially dangerous Request.Path value was detected from the client (:).
Source : System.Web
TargetSite : Void ValidateInputIfRequiredByConfig()
StackTrace :    at System.Web.HttpRequest.ValidateInputIfRequiredByConfig()
   at System.Web.HttpApplication.PipelineStepManager.ValidateHelper(HttpContext context)


Time : 09/01/2021 12:43:42
IP : 13.66.139.122
URL : https://vlxdkn.vn/{RS:link-instagram}
Message : A potentially dangerous Request.Path value was detected from the client (:).
Source : System.Web
TargetSite : Void ValidateInputIfRequiredByConfig()
StackTrace :    at System.Web.HttpRequest.ValidateInputIfRequiredByConfig()
   at System.Web.HttpApplication.PipelineStepManager.ValidateHelper(HttpContext context)


Time : 09/01/2021 01:09:27
IP : 66.249.71.60
URL : https://vlxdkn.vn/gach-op-tuong-y-my-30x60-f36001d.html
Unable to load DLL 'libwebp.dll': The specified module could not be found. (Exception from HRESULT: 0x8007007E)


Time : 09/01/2021 01:21:06
IP : 13.66.139.86
URL : https://vlxdkn.vn/{RS:link-youtube}
Message : A potentially dangerous Request.Path value was detected from the client (:).
Source : System.Web
TargetSite : Void ValidateInputIfRequiredByConfig()
StackTrace :    at System.Web.HttpRequest.ValidateInputIfRequiredByConfig()
   at System.Web.HttpApplication.PipelineStepManager.ValidateHelper(HttpContext context)


Time : 10/01/2021 08:19:28
IP : 13.66.139.86
URL : https://vlxdkn.vn/{RS:link-youtube}
Message : A potentially dangerous Request.Path value was detected from the client (:).
Source : System.Web
TargetSite : Void ValidateInputIfRequiredByConfig()
StackTrace :    at System.Web.HttpRequest.ValidateInputIfRequiredByConfig()
   at System.Web.HttpApplication.PipelineStepManager.ValidateHelper(HttpContext context)


Time : 10/01/2021 07:00:56
IP : 66.249.71.62
URL : https://vlxdkn.vn/gach-op-tuong-bach-ma-30x60-w36005e1.html
Unable to load DLL 'libwebp.dll': The specified module could not be found. (Exception from HRESULT: 0x8007007E)


Time : 10/01/2021 07:40:25
IP : 66.249.71.46
URL : http://vlxdkn.vn/{RS:link-youtube}
Message : A potentially dangerous Request.Path value was detected from the client (:).
Source : System.Web
TargetSite : Void ValidateInputIfRequiredByConfig()
StackTrace :    at System.Web.HttpRequest.ValidateInputIfRequiredByConfig()
   at System.Web.HttpApplication.PipelineStepManager.ValidateHelper(HttpContext context)


Time : 10/01/2021 07:44:45
IP : 66.249.71.62
URL : https://vlxdkn.vn/gach-lat-nen-viglacera-60x60-ts5600.html
Unable to load DLL 'libwebp.dll': The specified module could not be found. (Exception from HRESULT: 0x8007007E)


Time : 10/01/2021 09:55:35
IP : 66.249.71.62
URL : https://vlxdkn.vn/gach-lat-nen-prime-30x30-0630030009723.html
Unable to load DLL 'libwebp.dll': The specified module could not be found. (Exception from HRESULT: 0x8007007E)


Time : 11/01/2021 02:15:22
IP : 66.249.71.58
URL : https://vlxdkn.vn/tu-lanh-bosch-kgv39vl23e.html
Unable to load DLL 'libwebp.dll': The specified module could not be found. (Exception from HRESULT: 0x8007007E)


Time : 11/01/2021 05:05:50
IP : 66.249.71.58
URL : https://vlxdkn.vn/lavabo-dat-ban-inax-l293v-ecfc.html
Unable to load DLL 'libwebp.dll': The specified module could not be found. (Exception from HRESULT: 0x8007007E)


Time : 11/01/2021 05:07:30
IP : 66.249.71.58
URL : https://vlxdkn.vn/bon-cau-1-khoi-american-standard-cozy-vf1858.html
Unable to load DLL 'libwebp.dll': The specified module could not be found. (Exception from HRESULT: 0x8007007E)


Time : 11/01/2021 05:14:54
IP : 66.249.71.58
URL : https://vlxdkn.vn/bep-dien-bosch-pkk651fp1e.html
Unable to load DLL 'libwebp.dll': The specified module could not be found. (Exception from HRESULT: 0x8007007E)


Time : 11/01/2021 06:17:21
IP : 66.249.71.58
URL : https://vlxdkn.vn/chau-rua-bat-2-ho-daeshin-sqs8448.html
Unable to load DLL 'libwebp.dll': The specified module could not be found. (Exception from HRESULT: 0x8007007E)


Time : 11/01/2021 02:03:53
IP : 14.250.230.148
URL : https://vlxdkn.vn/lavabo-dat-ban-inax-als630v.html
Unable to load DLL 'libwebp.dll': The specified module could not be found. (Exception from HRESULT: 0x8007007E)


Time : 11/01/2021 09:25:58
IP : 66.249.71.60
URL : https://vlxdkn.vn/gach-lat-nen-gia-da-prime-50x50-1350050009203.html
Unable to load DLL 'libwebp.dll': The specified module could not be found. (Exception from HRESULT: 0x8007007E)


Time : 12/01/2021 09:23:46
IP : 14.166.96.115
URL : https://vlxdkn.vn/gach-lat-nen-gia-da-y-my-80x80-s88002.html
Unable to load DLL 'libwebp.dll': The specified module could not be found. (Exception from HRESULT: 0x8007007E)


Time : 12/01/2021 10:48:00
IP : 116.97.230.178
URL : https://vlxdkn.vn/https:/vlxdkn.vn/
Message : A potentially dangerous Request.Path value was detected from the client (:).
Source : System.Web
TargetSite : Void ValidateInputIfRequiredByConfig()
StackTrace :    at System.Web.HttpRequest.ValidateInputIfRequiredByConfig()
   at System.Web.HttpApplication.PipelineStepManager.ValidateHelper(HttpContext context)


Time : 12/01/2021 11:52:11
IP : 66.249.72.38
URL : https://vlxdkn.vn/gach-lat-nen-gia-go-y-my-60x60-ef69006.html
Unable to load DLL 'libwebp.dll': The specified module could not be found. (Exception from HRESULT: 0x8007007E)


Time : 12/01/2021 03:42:58
IP : 66.249.71.58
URL : https://vlxdkn.vn/chau-lavabo-chan-dai-viglacera-vtl2-vi1t.html
Unable to load DLL 'libwebp.dll': The specified module could not be found. (Exception from HRESULT: 0x8007007E)


Time : 13/01/2021 06:31:58
IP : 66.249.71.58
URL : https://vlxdkn.vn/{RS:link-youtube}
Message : A potentially dangerous Request.Path value was detected from the client (:).
Source : System.Web
TargetSite : Void ValidateInputIfRequiredByConfig()
StackTrace :    at System.Web.HttpRequest.ValidateInputIfRequiredByConfig()
   at System.Web.HttpApplication.PipelineStepManager.ValidateHelper(HttpContext context)


Time : 13/01/2021 11:07:43
IP : 1.52.47.89
URL : https://vlxdkn.vn/gach-lat-nen-y-my-60x60-p68105d.html
Unable to load DLL 'libwebp.dll': The specified module could not be found. (Exception from HRESULT: 0x8007007E)


Time : 13/01/2021 03:26:11
IP : 66.249.71.60
URL : https://vlxdkn.vn/bon-cau-1-khoi-american-standard-activa-vf2010.html
Unable to load DLL 'libwebp.dll': The specified module could not be found. (Exception from HRESULT: 0x8007007E)


Time : 13/01/2021 04:36:41
IP : 66.249.71.58
URL : https://vlxdkn.vn/bon-cau-1-khoi-viglacera-c0504.html
Unable to load DLL 'libwebp.dll': The specified module could not be found. (Exception from HRESULT: 0x8007007E)


Time : 13/01/2021 08:14:57
IP : 66.249.71.58
URL : https://vlxdkn.vn/{RS:Link-google-plus}
Message : A potentially dangerous Request.Path value was detected from the client (:).
Source : System.Web
TargetSite : Void ValidateInputIfRequiredByConfig()
StackTrace :    at System.Web.HttpRequest.ValidateInputIfRequiredByConfig()
   at System.Web.HttpApplication.PipelineStepManager.ValidateHelper(HttpContext context)


Time : 14/01/2021 07:07:51
IP : 66.249.71.58
URL : https://vlxdkn.vn/chau-rua-bat-2-ho-daeshin-bd1100.html
Unable to load DLL 'libwebp.dll': The specified module could not be found. (Exception from HRESULT: 0x8007007E)


Time : 14/01/2021 11:36:07
IP : 1.54.88.224
URL : https://vlxdkn.vn/CP/ModSubscribe/Detail.aspx/RecordID/undefined
Message : Object reference not set to an instance of an object.
Source : App_Web_detail.ascx.48468c92.s_t_lqq-
TargetSite : Void __Render__control1(System.Web.UI.HtmlTextWriter, System.Web.UI.Control)
StackTrace :    at ASP.cp_views_modsubscribe_detail_ascx.__Render__control1(HtmlTextWriter __w, Control parameterContainer) in c:\inetpub\vlxdkn.vn\CP\Views\ModSubscribe\Detail.ascx:line 53
   at System.Web.UI.Control.RenderChildrenInternal(HtmlTextWriter writer, ICollection children)
   at System.Web.UI.Control.RenderControlInternal(HtmlTextWriter writer, ControlAdapter adapter)
   at System.Web.UI.Control.RenderChildrenInternal(HtmlTextWriter writer, ICollection children)
   at System.Web.UI.Control.RenderControlInternal(HtmlTextWriter writer, ControlAdapter adapter)
   at ASP.cp_views_shared_main_master.__RendervswForm(HtmlTextWriter __w, Control parameterContainer) in c:\inetpub\vlxdkn.vn\CP\Views\Shared\Main.Master:line 68
   at System.Web.UI.Control.RenderChildrenInternal(HtmlTextWriter writer, ICollection children)
   at System.Web.UI.HtmlControls.HtmlForm.RenderChildren(HtmlTextWriter writer)
   at System.Web.UI.HtmlControls.HtmlContainerControl.Render(HtmlTextWriter writer)
   at System.Web.UI.Control.RenderControlInternal(HtmlTextWriter writer, ControlAdapter adapter)
   at System.Web.UI.HtmlControls.HtmlForm.RenderControl(HtmlTextWriter writer)
   at System.Web.UI.Control.RenderChildrenInternal(HtmlTextWriter writer, ICollection children)
   at System.Web.UI.Control.RenderControlInternal(HtmlTextWriter writer, ControlAdapter adapter)
   at System.Web.UI.Control.RenderChildrenInternal(HtmlTextWriter writer, ICollection children)
   at VSW.Core.MVC.ViewPageBase.Render(HtmlTextWriter writer)
   at System.Web.UI.Control.RenderControlInternal(HtmlTextWriter writer, ControlAdapter adapter)
   at System.Web.UI.Page.ProcessRequestMain(Boolean includeStagesBeforeAsyncPoint, Boolean includeStagesAfterAsyncPoint)


Time : 14/01/2021 11:36:07
IP : 1.54.88.224
URL : https://vlxdkn.vn/CP/ModSubscribe/Detail.aspx/RecordID/undefined
Message : Exception of type 'System.Web.HttpUnhandledException' was thrown.
Source : System.Web
TargetSite : Boolean HandleError(System.Exception)
StackTrace :    at System.Web.UI.Page.HandleError(Exception e)
   at System.Web.UI.Page.ProcessRequestMain(Boolean includeStagesBeforeAsyncPoint, Boolean includeStagesAfterAsyncPoint)
   at System.Web.UI.Page.ProcessRequest(Boolean includeStagesBeforeAsyncPoint, Boolean includeStagesAfterAsyncPoint)
   at System.Web.UI.Page.ProcessRequest()
   at System.Web.UI.Page.ProcessRequest(HttpContext context)
   at ASP.cp_default_aspx.ProcessRequest(HttpContext context) in c:\Windows\Microsoft.NET\Framework64\v4.0.30319\Temporary ASP.NET Files\root\df0f291e\fad36b39\App_Web_default.aspx.42b4d82d.cg3g9-ug.0.cs:line 0
   at System.Web.HttpApplication.CallHandlerExecutionStep.System.Web.HttpApplication.IExecutionStep.Execute()
   at System.Web.HttpApplication.ExecuteStepImpl(IExecutionStep step)
   at System.Web.HttpApplication.ExecuteStep(IExecutionStep step, Boolean& completedSynchronously)


Time : 14/01/2021 05:31:02
IP : 66.249.71.58
URL : https://vlxdkn.vn/chau-lavabo-duong-ban-viglacera-cd1.html
Unable to load DLL 'libwebp.dll': The specified module could not be found. (Exception from HRESULT: 0x8007007E)


Time : 14/01/2021 09:51:39
IP : 66.249.71.58
URL : https://vlxdkn.vn/gach-lat-nen-bach-ma-60x60-hrp6002.html
Unable to load DLL 'libwebp.dll': The specified module could not be found. (Exception from HRESULT: 0x8007007E)


Time : 15/01/2021 12:11:44
IP : 72.14.199.183
URL : https://vlxdkn.vn/gach-op-tuong-prime.html?atr=931
Message : Index was out of range. Must be non-negative and less than the size of the collection.
Parameter name: index
Source : mscorlib
TargetSite : Void ThrowArgumentOutOfRangeException(System.ExceptionArgument, System.ExceptionResource)
StackTrace :    at System.ThrowHelper.ThrowArgumentOutOfRangeException(ExceptionArgument argument, ExceptionResource resource)
   at System.Collections.Generic.List`1.get_Item(Int32 index)
   at VSW.Lib.Controllers.CPropertyController.OnLoad()
   at VSW.Core.MVC.ViewPage.RenderHtml(Control control, String controlCode, String vswID, String viewLayout, String action, String defaultProperty)
   at VSW.Core.MVC.ViewPage.InitPage(Control control)
   at VSW.Core.MVC.ViewPage.thanhhung_14(Control control)
   at VSW.Core.MVC.ViewPage.thanhhung_12(Control control, String custom)
   at VSW.Core.MVC.ViewPage.InitPage(Control control)
   at VSW.Core.MVC.ViewPage.InitPage(Control control)
   at VSW.Core.MVC.ViewPage.InitPage(Control control)
   at System.Web.UI.Control.LoadRecursive()
   at System.Web.UI.Page.ProcessRequestMain(Boolean includeStagesBeforeAsyncPoint, Boolean includeStagesAfterAsyncPoint)


Time : 15/01/2021 12:11:44
IP : 72.14.199.183
URL : https://vlxdkn.vn/gach-op-tuong-prime.html?atr=931
Message : Exception of type 'System.Web.HttpUnhandledException' was thrown.
Source : System.Web
TargetSite : Boolean HandleError(System.Exception)
StackTrace :    at System.Web.UI.Page.HandleError(Exception e)
   at System.Web.UI.Page.ProcessRequestMain(Boolean includeStagesBeforeAsyncPoint, Boolean includeStagesAfterAsyncPoint)
   at System.Web.UI.Page.ProcessRequest(Boolean includeStagesBeforeAsyncPoint, Boolean includeStagesAfterAsyncPoint)
   at System.Web.UI.Page.ProcessRequest()
   at System.Web.UI.Page.ProcessRequest(HttpContext context)
   at ASP.default_aspx.ProcessRequest(HttpContext context) in c:\Windows\Microsoft.NET\Framework64\v4.0.30319\Temporary ASP.NET Files\root\df0f291e\fad36b39\App_Web_default.aspx.cdcab7d2.mwaxfesx.0.cs:line 0
   at System.Web.HttpApplication.CallHandlerExecutionStep.System.Web.HttpApplication.IExecutionStep.Execute()
   at System.Web.HttpApplication.ExecuteStepImpl(IExecutionStep step)
   at System.Web.HttpApplication.ExecuteStep(IExecutionStep step, Boolean& completedSynchronously)


Time : 15/01/2021 02:07:31
IP : 66.249.71.60
URL : https://vlxdkn.vn/gach-lat-san-vuon-prime-40x40-1440040009412.html
Unable to load DLL 'libwebp.dll': The specified module could not be found. (Exception from HRESULT: 0x8007007E)


Time : 15/01/2021 02:16:43
IP : 157.55.39.116
URL : https://www.vlxdkn.vn/{RS:link-youtube}
Message : A potentially dangerous Request.Path value was detected from the client (:).
Source : System.Web
TargetSite : Void ValidateInputIfRequiredByConfig()
StackTrace :    at System.Web.HttpRequest.ValidateInputIfRequiredByConfig()
   at System.Web.HttpApplication.PipelineStepManager.ValidateHelper(HttpContext context)


Time : 15/01/2021 02:42:22
IP : 66.249.71.62
URL : https://vlxdkn.vn/{RS:link-instagram}
Message : A potentially dangerous Request.Path value was detected from the client (:).
Source : System.Web
TargetSite : Void ValidateInputIfRequiredByConfig()
StackTrace :    at System.Web.HttpRequest.ValidateInputIfRequiredByConfig()
   at System.Web.HttpApplication.PipelineStepManager.ValidateHelper(HttpContext context)


Time : 15/01/2021 08:16:28
IP : 66.249.71.58
URL : https://vlxdkn.vn/gach-op-tuong-gia-go-y-my-30x60-a36026.html
Unable to load DLL 'libwebp.dll': The specified module could not be found. (Exception from HRESULT: 0x8007007E)


Time : 15/01/2021 08:42:51
IP : 157.55.39.169
URL : https://vlxdkn.vn/{RS:Link-google-plus}
Message : A potentially dangerous Request.Path value was detected from the client (:).
Source : System.Web
TargetSite : Void ValidateInputIfRequiredByConfig()
StackTrace :    at System.Web.HttpRequest.ValidateInputIfRequiredByConfig()
   at System.Web.HttpApplication.PipelineStepManager.ValidateHelper(HttpContext context)


Time : 16/01/2021 12:45:26
IP : 13.66.139.122
URL : https://vlxdkn.vn/gach-lat-nen-gia-da-prime-80x80-0380080015808.html
Message : Execution Timeout Expired.  The timeout period elapsed prior to completion of the operation or the server is not responding.
SQLText : UPDATE [Mod_Product] SET [View]=@View WHERE [ID]=7321
SQLParameters : @View=12, 
Source : VSW.Corev2.0
TargetSite : Int32 ExecuteNonQuery(System.String, System.String, System.Object[])
StackTrace :    at VSW.Core.Data.SQLCmd.ExecuteNonQuery(String connectionString, String command, Object[] Params)
   at VSW.Core.Data.SQL.Update(String connectionString, String tableName, String whereClause, Object[] fields)
   at VSW.Core.Models.ServiceBase`1.Update(String whereClause, Object[] fields)
   at VSW.Core.Models.ServiceBase`1.Save(T item, String[] propertyExec, String[] propertyNotExec, Dictionary`2 customField)
   at VSW.Core.Models.ServiceBase`1.Save(T item, Expression`1 propertyExec)
   at VSW.Lib.Models.ModProductEntity.UpView()
   at VSW.Lib.Controllers.MProductController.ActionDetail(String endCode)


Time : 16/01/2021 12:45:39
IP : 13.66.139.122
URL : https://vlxdkn.vn/gach-lat-nen-gia-da-prime-80x80-0380080015808.html
Message : Exception has been thrown by the target of an invocation.
Source : mscorlib
TargetSite : System.Object InvokeMethod(System.Object, System.Object[], System.Signature, Boolean)
StackTrace :    at System.RuntimeMethodHandle.InvokeMethod(Object target, Object[] arguments, Signature sig, Boolean constructor)
   at System.Reflection.RuntimeMethodInfo.UnsafeInvokeInternal(Object obj, Object[] parameters, Object[] arguments)
   at System.Reflection.RuntimeMethodInfo.Invoke(Object obj, BindingFlags invokeAttr, Binder binder, Object[] parameters, CultureInfo culture)
   at System.RuntimeType.InvokeMember(String name, BindingFlags bindingFlags, Binder binder, Object target, Object[] providedArgs, ParameterModifier[] modifiers, CultureInfo culture, String[] namedParams)
   at VSW.Core.Global.Class.CallMethod(String methodName, Object[] args)
   at VSW.Core.MVC.ViewPageRender.RenderPage(ViewPageBase viewPage, Controller controller, Class class, String methodName)
   at VSW.Core.MVC.ViewPageBase.thanhhung_3(Class class, String action)
   at VSW.Core.MVC.ViewPage.InitializeCulture()
   at ASP.default_aspx.__BuildControlTree(default_aspx __ctrl) in c:\inetpub\vlxdkn.vn\Default.aspx:line 1
   at ASP.default_aspx.FrameworkInitialize() in c:\Windows\Microsoft.NET\Framework64\v4.0.30319\Temporary ASP.NET Files\root\df0f291e\fad36b39\App_Web_default.aspx.cdcab7d2.mwaxfesx.0.cs:line 0
   at System.Web.UI.Page.ProcessRequest(Boolean includeStagesBeforeAsyncPoint, Boolean includeStagesAfterAsyncPoint)
   at System.Web.UI.Page.ProcessRequest()
   at System.Web.UI.Page.ProcessRequest(HttpContext context)
   at ASP.default_aspx.ProcessRequest(HttpContext context) in c:\Windows\Microsoft.NET\Framework64\v4.0.30319\Temporary ASP.NET Files\root\df0f291e\fad36b39\App_Web_default.aspx.cdcab7d2.mwaxfesx.0.cs:line 0
   at System.Web.HttpApplication.CallHandlerExecutionStep.System.Web.HttpApplication.IExecutionStep.Execute()
   at System.Web.HttpApplication.ExecuteStepImpl(IExecutionStep step)
   at System.Web.HttpApplication.ExecuteStep(IExecutionStep step, Boolean& completedSynchronously)


Time : 16/01/2021 04:24:52
IP : 66.249.71.62
URL : https://vlxdkn.vn/bon-tam-nam-am-san-american-standard-tonca-7120wt.html
Unable to load DLL 'libwebp.dll': The specified module could not be found. (Exception from HRESULT: 0x8007007E)


Time : 16/01/2021 06:04:53
IP : 66.249.71.58
URL : https://vlxdkn.vn/gach-lat-nen-y-my-60x60-p68078.html
Unable to load DLL 'libwebp.dll': The specified module could not be found. (Exception from HRESULT: 0x8007007E)


Time : 16/01/2021 06:25:07
IP : 66.249.71.58
URL : https://vlxdkn.vn/gach-lat-nen-kis-80x80-k80091y.html
Unable to load DLL 'libwebp.dll': The specified module could not be found. (Exception from HRESULT: 0x8007007E)


Time : 16/01/2021 08:26:48
IP : 66.249.71.60
URL : https://vlxdkn.vn/{RS:link-instagram}
Message : A potentially dangerous Request.Path value was detected from the client (:).
Source : System.Web
TargetSite : Void ValidateInputIfRequiredByConfig()
StackTrace :    at System.Web.HttpRequest.ValidateInputIfRequiredByConfig()
   at System.Web.HttpApplication.PipelineStepManager.ValidateHelper(HttpContext context)


Time : 16/01/2021 04:27:29
IP : 27.64.234.66
URL : https://vlxdkn.vn/gach-op-tuong-y-my-30x60-c36023sl.html
Unable to load DLL 'libwebp.dll': The specified module could not be found. (Exception from HRESULT: 0x8007007E)


Time : 16/01/2021 05:38:04
IP : 66.249.71.60
URL : https://vlxdkn.vn/bon-tam-nam-xay-toto-pay1710v-tvbf411.html
Unable to load DLL 'libwebp.dll': The specified module could not be found. (Exception from HRESULT: 0x8007007E)


Time : 16/01/2021 07:28:52
IP : 66.249.71.58
URL : https://vlxdkn.vn/phong-xong-hoi-kho-euroking-eua901.html
Unable to load DLL 'libwebp.dll': The specified module could not be found. (Exception from HRESULT: 0x8007007E)


Time : 16/01/2021 10:22:02
IP : 66.249.71.62
URL : https://vlxdkn.vn/bon-tam-goc-massage-chan-yem-caesar-mt5120.html
Unable to load DLL 'libwebp.dll': The specified module could not be found. (Exception from HRESULT: 0x8007007E)


Time : 17/01/2021 07:59:43
IP : 66.249.79.60
URL : https://vlxdkn.vn/lavabo-duong-ban-inax-al2395v-ecfc.html
Unable to load DLL 'libwebp.dll': The specified module could not be found. (Exception from HRESULT: 0x8007007E)


Time : 17/01/2021 08:24:28
IP : 66.249.71.62
URL : https://vlxdkn.vn/voi-lavabo-nong-lanh-lung-toto-tlg08303v-1-lo.html
Unable to load DLL 'libwebp.dll': The specified module could not be found. (Exception from HRESULT: 0x8007007E)


Time : 17/01/2021 01:32:10
IP : 66.249.71.60
URL : https://vlxdkn.vn/gach-op-tuong-kis-30x60-kh60301c.html
Unable to load DLL 'libwebp.dll': The specified module could not be found. (Exception from HRESULT: 0x8007007E)


Time : 17/01/2021 03:11:26
IP : 66.249.71.62
URL : https://vlxdkn.vn/voi-lavabo-lanh-inax-lf1613.html
Unable to load DLL 'libwebp.dll': The specified module could not be found. (Exception from HRESULT: 0x8007007E)


Time : 18/01/2021 03:06:00
IP : 66.249.71.60
URL : https://vlxdkn.vn/gach-lat-nen-y-my-60x60-n68047.html
Unable to load DLL 'libwebp.dll': The specified module could not be found. (Exception from HRESULT: 0x8007007E)


Time : 18/01/2021 09:37:53
IP : 66.249.71.62
URL : https://vlxdkn.vn/{RS:link-instagram}
Message : A potentially dangerous Request.Path value was detected from the client (:).
Source : System.Web
TargetSite : Void ValidateInputIfRequiredByConfig()
StackTrace :    at System.Web.HttpRequest.ValidateInputIfRequiredByConfig()
   at System.Web.HttpApplication.PipelineStepManager.ValidateHelper(HttpContext context)


Time : 18/01/2021 03:30:40
IP : 66.249.71.62
URL : https://vlxdkn.vn/gach-lat-nen-taicera-30x30-gc299x299824.html
Unable to load DLL 'libwebp.dll': The specified module could not be found. (Exception from HRESULT: 0x8007007E)


Time : 18/01/2021 04:50:04
IP : 42.116.209.147
URL : https://vlxdkn.vn/CP/Ajax/DeleteFile.aspx
Unable to load DLL 'libwebp.dll': The specified module could not be found. (Exception from HRESULT: 0x8007007E)


Time : 18/01/2021 04:50:24
IP : 42.116.209.147
URL : https://vlxdkn.vn/gach-lat-nen-bach-ma-60x60-m6007.html
Unable to load DLL 'libwebp.dll': The specified module could not be found. (Exception from HRESULT: 0x8007007E)


Time : 18/01/2021 08:00:59
IP : 66.249.71.58
URL : https://vlxdkn.vn/sen-cay-nong-lanh-american-standard-simplica-wf9089e.html
Unable to load DLL 'libwebp.dll': The specified module could not be found. (Exception from HRESULT: 0x8007007E)


Time : 18/01/2021 08:51:05
IP : 66.249.71.58
URL : https://vlxdkn.vn/gach-lat-nen-prime-30x30-0630030009722.html
Unable to load DLL 'libwebp.dll': The specified module could not be found. (Exception from HRESULT: 0x8007007E)


Time : 18/01/2021 08:59:40
IP : 66.249.71.60
URL : https://vlxdkn.vn/bon-tam-nam-govern-js6104.html
Unable to load DLL 'libwebp.dll': The specified module could not be found. (Exception from HRESULT: 0x8007007E)


Time : 18/01/2021 10:50:52
IP : 66.249.71.60
URL : https://vlxdkn.vn/bon-tam-nam-xay-toto-pay1730v-tvbf411.html
Unable to load DLL 'libwebp.dll': The specified module could not be found. (Exception from HRESULT: 0x8007007E)


Time : 19/01/2021 07:02:30
IP : 66.249.71.60
URL : https://vlxdkn.vn/gach-lat-nen-y-my-60x60-n68046.html
Unable to load DLL 'libwebp.dll': The specified module could not be found. (Exception from HRESULT: 0x8007007E)


Time : 19/01/2021 09:12:34
IP : 66.249.71.58
URL : https://vlxdkn.vn/chau-rua-bat-teka-be-2b-785.html
Unable to load DLL 'libwebp.dll': The specified module could not be found. (Exception from HRESULT: 0x8007007E)


Time : 19/01/2021 09:32:31
IP : 66.249.71.58
URL : https://vlxdkn.vn/bon-cau-thong-minh-nap-tu-rua-co-toto-cs735de2.html
Unable to load DLL 'libwebp.dll': The specified module could not be found. (Exception from HRESULT: 0x8007007E)


Time : 19/01/2021 10:22:30
IP : 66.249.71.60
URL : https://vlxdkn.vn/lavabo-dat-ban-inax-als620v.html
Unable to load DLL 'libwebp.dll': The specified module could not be found. (Exception from HRESULT: 0x8007007E)


Time : 19/01/2021 10:32:45
IP : 66.249.71.60
URL : https://vlxdkn.vn/gach-lat-nen-viglacera-50x50-h511.html
Unable to load DLL 'libwebp.dll': The specified module could not be found. (Exception from HRESULT: 0x8007007E)


Time : 19/01/2021 11:33:10
IP : 66.249.71.58
URL : https://vlxdkn.vn/bon-cau-1-khoi-american-standard-ids-clear-2030wt.html
Unable to load DLL 'libwebp.dll': The specified module could not be found. (Exception from HRESULT: 0x8007007E)


Time : 19/01/2021 12:23:15
IP : 66.249.71.58
URL : https://vlxdkn.vn/gach-lat-nen-gia-da-bach-ma-60x60-mgm60209.html
Unable to load DLL 'libwebp.dll': The specified module could not be found. (Exception from HRESULT: 0x8007007E)


Time : 19/01/2021 05:03:50
IP : 66.249.71.60
URL : https://vlxdkn.vn/phong-xong-hoi-uot-euroking-eua306.html
Unable to load DLL 'libwebp.dll': The specified module could not be found. (Exception from HRESULT: 0x8007007E)


Time : 19/01/2021 05:14:02
IP : 66.249.71.58
URL : https://vlxdkn.vn/lavabo-ban-am-american-standard-paramount-0518wt.html
Unable to load DLL 'libwebp.dll': The specified module could not be found. (Exception from HRESULT: 0x8007007E)


Time : 19/01/2021 05:33:49
IP : 66.249.71.60
URL : https://vlxdkn.vn/chau-rua-bat-1-ho-daeshin-edge870.html
Unable to load DLL 'libwebp.dll': The specified module could not be found. (Exception from HRESULT: 0x8007007E)


Time : 19/01/2021 06:35:02
IP : 66.249.71.60
URL : https://vlxdkn.vn/binh-nong-lanh-ariston-15-lit-andris2-lux-15.html
Unable to load DLL 'libwebp.dll': The specified module could not be found. (Exception from HRESULT: 0x8007007E)


Time : 19/01/2021 07:25:12
IP : 66.249.71.60
URL : https://vlxdkn.vn/gach-lat-nen-prime-30x30-0630030009194.html
Unable to load DLL 'libwebp.dll': The specified module could not be found. (Exception from HRESULT: 0x8007007E)


Time : 19/01/2021 07:35:27
IP : 66.249.71.60
URL : https://vlxdkn.vn/binh-nong-lanh-ariston-30-lit-andris2-top-wifi-30.html
Unable to load DLL 'libwebp.dll': The specified module could not be found. (Exception from HRESULT: 0x8007007E)


Time : 19/01/2021 08:32:24
IP : 66.249.71.60
URL : https://vlxdkn.vn/{RS:link-youtube}
Message : A potentially dangerous Request.Path value was detected from the client (:).
Source : System.Web
TargetSite : Void ValidateInputIfRequiredByConfig()
StackTrace :    at System.Web.HttpRequest.ValidateInputIfRequiredByConfig()
   at System.Web.HttpApplication.PipelineStepManager.ValidateHelper(HttpContext context)


Time : 19/01/2021 11:35:35
IP : 66.249.71.58
URL : https://vlxdkn.vn/phong-xong-hoi-uot-euroking-eua812.html
Unable to load DLL 'libwebp.dll': The specified module could not be found. (Exception from HRESULT: 0x8007007E)


Time : 20/01/2021 12:35:48
IP : 66.249.71.62
URL : https://vlxdkn.vn/binh-nong-lanh-ariston-15-lit-andris2-rs-15.html
Unable to load DLL 'libwebp.dll': The specified module could not be found. (Exception from HRESULT: 0x8007007E)


Time : 20/01/2021 02:26:33
IP : 66.249.71.62
URL : https://vlxdkn.vn/ke-kinh-inax-kf742v.html
Unable to load DLL 'libwebp.dll': The specified module could not be found. (Exception from HRESULT: 0x8007007E)


Time : 20/01/2021 04:45:16
IP : 66.249.71.60
URL : https://vlxdkn.vn/bon-tam-nam-govern-js6103.html
Unable to load DLL 'libwebp.dll': The specified module could not be found. (Exception from HRESULT: 0x8007007E)


Time : 20/01/2021 07:12:25
IP : 66.249.71.58
URL : https://vlxdkn.vn/bon-tam-nam-am-san-american-standard-new-codie-70280wt.html
Unable to load DLL 'libwebp.dll': The specified module could not be found. (Exception from HRESULT: 0x8007007E)


Time : 20/01/2021 09:42:30
IP : 66.249.71.62
URL : https://vlxdkn.vn/binh-nong-lanh-ariston-6-lit-andris-lux-6-uebe.html
Unable to load DLL 'libwebp.dll': The specified module could not be found. (Exception from HRESULT: 0x8007007E)


Time : 20/01/2021 10:12:47
IP : 66.249.71.62
URL : https://vlxdkn.vn/binh-nong-lanh-ferroli-30-lit-verdi-si-30.html
Unable to load DLL 'libwebp.dll': The specified module could not be found. (Exception from HRESULT: 0x8007007E)


Time : 20/01/2021 12:03:13
IP : 66.249.71.60
URL : https://vlxdkn.vn/phong-xong-hoi-uot-euroking-eua503.html
Unable to load DLL 'libwebp.dll': The specified module could not be found. (Exception from HRESULT: 0x8007007E)


Time : 20/01/2021 12:23:31
IP : 66.249.71.60
URL : https://vlxdkn.vn/gach-lat-san-vuon-prime-40x40-0140040009282.html
Unable to load DLL 'libwebp.dll': The specified module could not be found. (Exception from HRESULT: 0x8007007E)


Time : 20/01/2021 01:15:00
IP : 66.249.71.58
URL : https://vlxdkn.vn/sen-cay-nong-lanh-american-standard-simplica-wf9089.html
Unable to load DLL 'libwebp.dll': The specified module could not be found. (Exception from HRESULT: 0x8007007E)


Time : 20/01/2021 02:04:52
IP : 66.249.71.60
URL : https://vlxdkn.vn/lavabo-am-ban-american-standard-vf0496.html
Unable to load DLL 'libwebp.dll': The specified module could not be found. (Exception from HRESULT: 0x8007007E)


Time : 20/01/2021 02:55:14
IP : 66.249.71.62
URL : https://vlxdkn.vn/gach-lat-nen-gia-go-prime-50x50-1350050009371.html
Unable to load DLL 'libwebp.dll': The specified module could not be found. (Exception from HRESULT: 0x8007007E)


Time : 20/01/2021 05:06:39
IP : 66.249.71.62
URL : https://vlxdkn.vn/bep-tu-bosch-pxx975dc1e.html
Unable to load DLL 'libwebp.dll': The specified module could not be found. (Exception from HRESULT: 0x8007007E)


Time : 20/01/2021 06:09:35
IP : 66.249.71.58
URL : https://vlxdkn.vn/gach-lat-nen-gia-da-vitto-60x60-3106.html
Unable to load DLL 'libwebp.dll': The specified module could not be found. (Exception from HRESULT: 0x8007007E)


Time : 20/01/2021 08:17:10
IP : 66.249.71.62
URL : https://vlxdkn.vn/lavabo-am-ban-american-standard-wp0433.html
Unable to load DLL 'libwebp.dll': The specified module could not be found. (Exception from HRESULT: 0x8007007E)


Time : 20/01/2021 08:47:09
IP : 66.249.71.62
URL : https://vlxdkn.vn/gach-op-tuong-y-my-30x60-f36001n.html
Unable to load DLL 'libwebp.dll': The specified module could not be found. (Exception from HRESULT: 0x8007007E)


Time : 20/01/2021 09:47:46
IP : 66.249.71.58
URL : https://vlxdkn.vn/chau-rua-bat-2-ho-daeshin-sqs1717.html
Unable to load DLL 'libwebp.dll': The specified module could not be found. (Exception from HRESULT: 0x8007007E)


Time : 21/01/2021 12:07:40
IP : 66.249.71.58
URL : https://vlxdkn.vn/phong-xong-hoi-uot-euroking-eua8058.html
Unable to load DLL 'libwebp.dll': The specified module could not be found. (Exception from HRESULT: 0x8007007E)


Time : 21/01/2021 12:38:10
IP : 66.249.71.58
URL : https://vlxdkn.vn/gach-op-tuong-prime-30x60-0530060009734.html
Unable to load DLL 'libwebp.dll': The specified module could not be found. (Exception from HRESULT: 0x8007007E)


Time : 21/01/2021 01:48:21
IP : 66.249.71.60
URL : https://vlxdkn.vn/gach-lat-nen-gia-da-hoan-my-60x120-040431601.html
Unable to load DLL 'libwebp.dll': The specified module could not be found. (Exception from HRESULT: 0x8007007E)


Time : 21/01/2021 02:29:02
IP : 66.249.71.60
URL : https://vlxdkn.vn/chau-lavabo-chan-dai-toto-lpt908c.html
Unable to load DLL 'libwebp.dll': The specified module could not be found. (Exception from HRESULT: 0x8007007E)


Time : 21/01/2021 02:29:06
IP : 66.249.71.58
URL : https://vlxdkn.vn/lavabo-am-ban-american-standard-wpf514.html
Unable to load DLL 'libwebp.dll': The specified module could not be found. (Exception from HRESULT: 0x8007007E)


Time : 21/01/2021 06:09:24
IP : 66.249.71.62
URL : https://vlxdkn.vn/gach-lat-san-vuon-prime-40x40-0140040009288.html
Unable to load DLL 'libwebp.dll': The specified module could not be found. (Exception from HRESULT: 0x8007007E)


Time : 21/01/2021 04:06:26
IP : 66.249.71.62
URL : https://vlxdkn.vn/bon-tam-massage-govern-js9811.html
Unable to load DLL 'libwebp.dll': The specified module could not be found. (Exception from HRESULT: 0x8007007E)


Time : 21/01/2021 09:08:07
IP : 66.249.71.60
URL : https://vlxdkn.vn/bon-tam-massage-govern-js8185.html
Unable to load DLL 'libwebp.dll': The specified module could not be found. (Exception from HRESULT: 0x8007007E)


Time : 21/01/2021 10:26:10
IP : 66.249.71.60
URL : https://vlxdkn.vn/bon-tam-massage-govern-js8094.html
Unable to load DLL 'libwebp.dll': The specified module could not be found. (Exception from HRESULT: 0x8007007E)


Time : 22/01/2021 06:58:45
IP : 157.55.39.222
URL : https://vlxdkn.vn/{RS:link-instagram}
Message : A potentially dangerous Request.Path value was detected from the client (:).
Source : System.Web
TargetSite : Void ValidateInputIfRequiredByConfig()
StackTrace :    at System.Web.HttpRequest.ValidateInputIfRequiredByConfig()
   at System.Web.HttpApplication.PipelineStepManager.ValidateHelper(HttpContext context)


Time : 22/01/2021 09:39:46
IP : 23.106.219.107
URL : https://vlxdkn.vn/{RS:link-youtube}
Message : A potentially dangerous Request.Path value was detected from the client (:).
Source : System.Web
TargetSite : Void ValidateInputIfRequiredByConfig()
StackTrace :    at System.Web.HttpRequest.ValidateInputIfRequiredByConfig()
   at System.Web.HttpApplication.PipelineStepManager.ValidateHelper(HttpContext context)


Time : 22/01/2021 09:39:52
IP : 23.106.219.107
URL : https://vlxdkn.vn/{RS:link-instagram}
Message : A potentially dangerous Request.Path value was detected from the client (:).
Source : System.Web
TargetSite : Void ValidateInputIfRequiredByConfig()
StackTrace :    at System.Web.HttpRequest.ValidateInputIfRequiredByConfig()
   at System.Web.HttpApplication.PipelineStepManager.ValidateHelper(HttpContext context)


Time : 22/01/2021 09:39:57
IP : 23.106.219.107
URL : https://vlxdkn.vn/{RS:Link-google-plus}
Message : A potentially dangerous Request.Path value was detected from the client (:).
Source : System.Web
TargetSite : Void ValidateInputIfRequiredByConfig()
StackTrace :    at System.Web.HttpRequest.ValidateInputIfRequiredByConfig()
   at System.Web.HttpApplication.PipelineStepManager.ValidateHelper(HttpContext context)


Time : 22/01/2021 09:41:18
IP : 23.106.219.107
URL : https://vlxdkn.vn/tel:090 341 4338
Message : A potentially dangerous Request.Path value was detected from the client (:).
Source : System.Web
TargetSite : Void ValidateInputIfRequiredByConfig()
StackTrace :    at System.Web.HttpRequest.ValidateInputIfRequiredByConfig()
   at System.Web.HttpApplication.PipelineStepManager.ValidateHelper(HttpContext context)


Time : 22/01/2021 07:03:45
IP : 66.249.71.58
URL : https://vlxdkn.vn/{RS:Link-google-plus}
Message : A potentially dangerous Request.Path value was detected from the client (:).
Source : System.Web
TargetSite : Void ValidateInputIfRequiredByConfig()
StackTrace :    at System.Web.HttpRequest.ValidateInputIfRequiredByConfig()
   at System.Web.HttpApplication.PipelineStepManager.ValidateHelper(HttpContext context)


Time : 23/01/2021 03:48:51
IP : 66.249.71.62
URL : https://vlxdkn.vn/gach-op-tuong-royal-hoang-gia-40x80-408310001d.html
Unable to load DLL 'libwebp.dll': The specified module could not be found. (Exception from HRESULT: 0x8007007E)


Time : 23/01/2021 04:26:38
IP : 66.249.71.58
URL : https://vlxdkn.vn/bon-tam-goc-massage-govern-js60111.html
Unable to load DLL 'libwebp.dll': The specified module could not be found. (Exception from HRESULT: 0x8007007E)


Time : 23/01/2021 09:29:45
IP : 66.249.71.62
URL : https://vlxdkn.vn/gach-op-tuong-royal-hoang-gia-40x80-4080004.html
Unable to load DLL 'libwebp.dll': The specified module could not be found. (Exception from HRESULT: 0x8007007E)


Time : 23/01/2021 10:09:21
IP : 113.185.43.247
URL : https://vlxdkn.vn/gach-lat-nen-gia-da-kis-80x80-k80020apa.html
Unable to load DLL 'libwebp.dll': The specified module could not be found. (Exception from HRESULT: 0x8007007E)


Time : 24/01/2021 01:17:06
IP : 66.249.71.60
URL : https://vlxdkn.vn/bon-cau-thong-minh-nap-dien-tu-toto-cs735dw7.html
Unable to load DLL 'libwebp.dll': The specified module could not be found. (Exception from HRESULT: 0x8007007E)


Time : 24/01/2021 06:17:47
IP : 72.14.199.183
URL : https://vlxdkn.vn/gach-op-tuong-prime.html?atr=931
Message : Index was out of range. Must be non-negative and less than the size of the collection.
Parameter name: index
Source : mscorlib
TargetSite : Void ThrowArgumentOutOfRangeException(System.ExceptionArgument, System.ExceptionResource)
StackTrace :    at System.ThrowHelper.ThrowArgumentOutOfRangeException(ExceptionArgument argument, ExceptionResource resource)
   at System.Collections.Generic.List`1.get_Item(Int32 index)
   at VSW.Lib.Controllers.CPropertyController.OnLoad()
   at VSW.Core.MVC.ViewPage.RenderHtml(Control control, String controlCode, String vswID, String viewLayout, String action, String defaultProperty)
   at VSW.Core.MVC.ViewPage.InitPage(Control control)
   at VSW.Core.MVC.ViewPage.thanhhung_14(Control control)
   at VSW.Core.MVC.ViewPage.thanhhung_12(Control control, String custom)
   at VSW.Core.MVC.ViewPage.InitPage(Control control)
   at VSW.Core.MVC.ViewPage.InitPage(Control control)
   at VSW.Core.MVC.ViewPage.InitPage(Control control)
   at System.Web.UI.Control.LoadRecursive()
   at System.Web.UI.Page.ProcessRequestMain(Boolean includeStagesBeforeAsyncPoint, Boolean includeStagesAfterAsyncPoint)


Time : 24/01/2021 06:17:47
IP : 72.14.199.183
URL : https://vlxdkn.vn/gach-op-tuong-prime.html?atr=931
Message : Exception of type 'System.Web.HttpUnhandledException' was thrown.
Source : System.Web
TargetSite : Boolean HandleError(System.Exception)
StackTrace :    at System.Web.UI.Page.HandleError(Exception e)
   at System.Web.UI.Page.ProcessRequestMain(Boolean includeStagesBeforeAsyncPoint, Boolean includeStagesAfterAsyncPoint)
   at System.Web.UI.Page.ProcessRequest(Boolean includeStagesBeforeAsyncPoint, Boolean includeStagesAfterAsyncPoint)
   at System.Web.UI.Page.ProcessRequest()
   at System.Web.UI.Page.ProcessRequest(HttpContext context)
   at ASP.default_aspx.ProcessRequest(HttpContext context) in c:\Windows\Microsoft.NET\Framework64\v4.0.30319\Temporary ASP.NET Files\root\df0f291e\fad36b39\App_Web_default.aspx.cdcab7d2.mwaxfesx.0.cs:line 0
   at System.Web.HttpApplication.CallHandlerExecutionStep.System.Web.HttpApplication.IExecutionStep.Execute()
   at System.Web.HttpApplication.ExecuteStepImpl(IExecutionStep step)
   at System.Web.HttpApplication.ExecuteStep(IExecutionStep step, Boolean& completedSynchronously)


Time : 24/01/2021 11:19:35
IP : 66.249.65.136
URL : https://vlxdkn.vn/{RS:Link-google-plus}
Message : A potentially dangerous Request.Path value was detected from the client (:).
Source : System.Web
TargetSite : Void ValidateInputIfRequiredByConfig()
StackTrace :    at System.Web.HttpRequest.ValidateInputIfRequiredByConfig()
   at System.Web.HttpApplication.PipelineStepManager.ValidateHelper(HttpContext context)


Time : 24/01/2021 11:25:27
IP : 66.249.65.136
URL : https://vlxdkn.vn/gach-op-tuong-royal-hoang-gia-40x80-vg3d408802d.html
Unable to load DLL 'libwebp.dll': The specified module could not be found. (Exception from HRESULT: 0x8007007E)


Time : 24/01/2021 07:57:26
IP : 66.249.90.72
URL : https://vlxdkn.vn/gach-op-tuong-prime.html?atr=931
Message : Index was out of range. Must be non-negative and less than the size of the collection.
Parameter name: index
Source : mscorlib
TargetSite : Void ThrowArgumentOutOfRangeException(System.ExceptionArgument, System.ExceptionResource)
StackTrace :    at System.ThrowHelper.ThrowArgumentOutOfRangeException(ExceptionArgument argument, ExceptionResource resource)
   at System.Collections.Generic.List`1.get_Item(Int32 index)
   at VSW.Lib.Controllers.CPropertyController.OnLoad()
   at VSW.Core.MVC.ViewPage.RenderHtml(Control control, String controlCode, String vswID, String viewLayout, String action, String defaultProperty)
   at VSW.Core.MVC.ViewPage.InitPage(Control control)
   at VSW.Core.MVC.ViewPage.thanhhung_14(Control control)
   at VSW.Core.MVC.ViewPage.thanhhung_12(Control control, String custom)
   at VSW.Core.MVC.ViewPage.InitPage(Control control)
   at VSW.Core.MVC.ViewPage.InitPage(Control control)
   at VSW.Core.MVC.ViewPage.InitPage(Control control)
   at System.Web.UI.Control.LoadRecursive()
   at System.Web.UI.Page.ProcessRequestMain(Boolean includeStagesBeforeAsyncPoint, Boolean includeStagesAfterAsyncPoint)


Time : 24/01/2021 07:57:26
IP : 66.249.90.72
URL : https://vlxdkn.vn/gach-op-tuong-prime.html?atr=931
Message : Exception of type 'System.Web.HttpUnhandledException' was thrown.
Source : System.Web
TargetSite : Boolean HandleError(System.Exception)
StackTrace :    at System.Web.UI.Page.HandleError(Exception e)
   at System.Web.UI.Page.ProcessRequestMain(Boolean includeStagesBeforeAsyncPoint, Boolean includeStagesAfterAsyncPoint)
   at System.Web.UI.Page.ProcessRequest(Boolean includeStagesBeforeAsyncPoint, Boolean includeStagesAfterAsyncPoint)
   at System.Web.UI.Page.ProcessRequest()
   at System.Web.UI.Page.ProcessRequest(HttpContext context)
   at ASP.default_aspx.ProcessRequest(HttpContext context) in c:\Windows\Microsoft.NET\Framework64\v4.0.30319\Temporary ASP.NET Files\root\df0f291e\fad36b39\App_Web_default.aspx.cdcab7d2.mwaxfesx.0.cs:line 0
   at System.Web.HttpApplication.CallHandlerExecutionStep.System.Web.HttpApplication.IExecutionStep.Execute()
   at System.Web.HttpApplication.ExecuteStepImpl(IExecutionStep step)
   at System.Web.HttpApplication.ExecuteStep(IExecutionStep step, Boolean& completedSynchronously)


Time : 25/01/2021 12:38:34
IP : 66.249.65.138
URL : https://vlxdkn.vn/gach-op-tuong-gia-da-royal-hoang-gia-40x80-jh84f722.html
Unable to load DLL 'libwebp.dll': The specified module could not be found. (Exception from HRESULT: 0x8007007E)


Time : 26/01/2021 08:23:55
IP : 66.249.66.155
URL : https://vlxdkn.vn/bon-tam-nam-dat-san-american-standard-acacia-e-btas6719.html
Unable to load DLL 'libwebp.dll': The specified module could not be found. (Exception from HRESULT: 0x8007007E)


Time : 26/01/2021 01:13:42
IP : 66.249.66.140
URL : https://vlxdkn.vn/gach-lat-nen-viglacera-60x60-ts4617.html
Unable to load DLL 'libwebp.dll': The specified module could not be found. (Exception from HRESULT: 0x8007007E)


Time : 27/01/2021 10:55:10
IP : 125.234.118.226
URL : https://vlxdkn.vn/guong-nha-tam-den-led-amy-amdp321d.html
Unable to load DLL 'libwebp.dll': The specified module could not be found. (Exception from HRESULT: 0x8007007E)


Time : 27/01/2021 03:45:24
IP : 66.249.66.157
URL : https://vlxdkn.vn/lavabo-ban-am-american-standard-acacia-e-0519wt.html
Unable to load DLL 'libwebp.dll': The specified module could not be found. (Exception from HRESULT: 0x8007007E)


Time : 28/01/2021 12:42:05
IP : 66.249.71.62
URL : https://vlxdkn.vn/phong-xong-hoi-kho-euroking-eua903.html
Unable to load DLL 'libwebp.dll': The specified module could not be found. (Exception from HRESULT: 0x8007007E)


Time : 28/01/2021 02:02:16
IP : 66.249.71.60
URL : https://vlxdkn.vn/gach-lat-nen-bach-ma-60x60-mse66106.html
Unable to load DLL 'libwebp.dll': The specified module could not be found. (Exception from HRESULT: 0x8007007E)


Time : 28/01/2021 03:40:31
IP : 66.249.71.58
URL : https://vlxdkn.vn/gach-lat-san-vuon-y-my-50x50-s502se.html
Unable to load DLL 'libwebp.dll': The specified module could not be found. (Exception from HRESULT: 0x8007007E)


Time : 28/01/2021 07:13:44
IP : 66.249.71.62
URL : https://vlxdkn.vn/binh-nong-lanh-ariston-30-lit-andris2-top-30.html
Unable to load DLL 'libwebp.dll': The specified module could not be found. (Exception from HRESULT: 0x8007007E)


Time : 31/01/2021 01:44:44
IP : 66.249.71.66
URL : https://vlxdkn.vn/pheu-thoat-san-caesar-st1010b.html
Unable to load DLL 'libwebp.dll': The specified module could not be found. (Exception from HRESULT: 0x8007007E)


Time : 31/01/2021 05:58:18
IP : 23.80.97.239
URL : https://vlxdkn.vn/{RS:link-youtube}
Message : A potentially dangerous Request.Path value was detected from the client (:).
Source : System.Web
TargetSite : Void ValidateInputIfRequiredByConfig()
StackTrace :    at System.Web.HttpRequest.ValidateInputIfRequiredByConfig()
   at System.Web.HttpApplication.PipelineStepManager.ValidateHelper(HttpContext context)


Time : 31/01/2021 05:58:24
IP : 23.80.97.239
URL : https://vlxdkn.vn/{RS:link-instagram}
Message : A potentially dangerous Request.Path value was detected from the client (:).
Source : System.Web
TargetSite : Void ValidateInputIfRequiredByConfig()
StackTrace :    at System.Web.HttpRequest.ValidateInputIfRequiredByConfig()
   at System.Web.HttpApplication.PipelineStepManager.ValidateHelper(HttpContext context)


Time : 31/01/2021 05:58:31
IP : 23.80.97.239
URL : https://vlxdkn.vn/{RS:Link-google-plus}
Message : A potentially dangerous Request.Path value was detected from the client (:).
Source : System.Web
TargetSite : Void ValidateInputIfRequiredByConfig()
StackTrace :    at System.Web.HttpRequest.ValidateInputIfRequiredByConfig()
   at System.Web.HttpApplication.PipelineStepManager.ValidateHelper(HttpContext context)


Time : 31/01/2021 11:28:53
IP : 66.249.79.60
URL : https://vlxdkn.vn/bon-cau-1-khoi-viglacera-v45.html
Unable to load DLL 'libwebp.dll': The specified module could not be found. (Exception from HRESULT: 0x8007007E)


Time : 31/01/2021 01:23:43
IP : 66.249.79.57
URL : https://vlxdkn.vn/lo-nuong-cata-cm-760-as-bk.html
Unable to load DLL 'libwebp.dll': The specified module could not be found. (Exception from HRESULT: 0x8007007E)


Time : 31/01/2021 05:30:16
IP : 66.249.71.70
URL : https://vlxdkn.vn/{RS:Link-google-plus}
Message : A potentially dangerous Request.Path value was detected from the client (:).
Source : System.Web
TargetSite : Void ValidateInputIfRequiredByConfig()
StackTrace :    at System.Web.HttpRequest.ValidateInputIfRequiredByConfig()
   at System.Web.HttpApplication.PipelineStepManager.ValidateHelper(HttpContext context)


Time : 31/01/2021 05:47:48
IP : 66.249.71.70
URL : https://vlxdkn.vn/{RS:link-youtube}
Message : A potentially dangerous Request.Path value was detected from the client (:).
Source : System.Web
TargetSite : Void ValidateInputIfRequiredByConfig()
StackTrace :    at System.Web.HttpRequest.ValidateInputIfRequiredByConfig()
   at System.Web.HttpApplication.PipelineStepManager.ValidateHelper(HttpContext context)


