Time : 29/04/2023 01:49:39
IP : ::1
URL : http://localhost:12348/tn/Tools/Crawl.aspx
Message : The request was aborted: Could not create SSL/TLS secure channel.
Source : System
TargetSite : System.Net.WebResponse GetResponse()
StackTrace :    at System.Net.HttpWebRequest.GetResponse()
   at HtmlAgilityPack.HtmlWeb.Get(Uri uri, String method, String path, HtmlDocument doc) in C:\Source\htmlagilitypack_1.3.0\HtmlAgilityPack\HtmlWeb.cs:line 397
   at HtmlAgilityPack.HtmlWeb.LoadUrl(Uri uri, String method) in C:\Source\htmlagilitypack_1.3.0\HtmlAgilityPack\HtmlWeb.cs:line 304
   at HtmlAgilityPack.HtmlWeb.Load(String url, String method) in C:\Source\htmlagilitypack_1.3.0\HtmlAgilityPack\HtmlWeb.cs:line 115
   at VSW.Lib.Global.Crawler.getdenled(String url, Int32 menuID, Int32 brandID, Int32 langID, Int32 totalPag) in D:\web\denlegiare\denledgiare\VSW.Lib\Global\Crawler.cs:line 446
   at ASP.tn_tools_crawl_aspx.btnRun_Click(Object sender, EventArgs e) in d:\web\denlegiare\denledgiare\VSW.Website\tn\Tools\Crawl.aspx:line 36
   at System.Web.UI.WebControls.Button.OnClick(EventArgs e)
   at System.Web.UI.WebControls.Button.RaisePostBackEvent(String eventArgument)
   at System.Web.UI.Page.ProcessRequestMain(Boolean includeStagesBeforeAsyncPoint, Boolean includeStagesAfterAsyncPoint)


Time : 29/04/2023 01:49:40
IP : ::1
URL : http://localhost:12348/tn/Tools/Crawl.aspx
Message : Exception of type 'System.Web.HttpUnhandledException' was thrown.
Source : System.Web
TargetSite : Boolean HandleError(System.Exception)
StackTrace :    at System.Web.UI.Page.HandleError(Exception e)
   at System.Web.UI.Page.ProcessRequestMain(Boolean includeStagesBeforeAsyncPoint, Boolean includeStagesAfterAsyncPoint)
   at System.Web.UI.Page.ProcessRequest(Boolean includeStagesBeforeAsyncPoint, Boolean includeStagesAfterAsyncPoint)
   at System.Web.UI.Page.ProcessRequest()
   at System.Web.UI.Page.ProcessRequest(HttpContext context)
   at ASP.tn_tools_crawl_aspx.ProcessRequest(HttpContext context) in c:\Users\thanh\AppData\Local\Temp\Temporary ASP.NET Files\vs\d76ce42e\909ffc94\App_Web_crawl.aspx.c327d63e.l9a17w1h.0.cs:line 0
   at System.Web.HttpApplication.CallHandlerExecutionStep.System.Web.HttpApplication.IExecutionStep.Execute()
   at System.Web.HttpApplication.ExecuteStepImpl(IExecutionStep step)
   at System.Web.HttpApplication.ExecuteStep(IExecutionStep step, Boolean& completedSynchronously)


Time : 29/04/2023 01:52:16
IP : ::1
URL : http://localhost:12348/tn/Tools/Crawl.aspx
Message : The request was aborted: Could not create SSL/TLS secure channel.
Source : System
TargetSite : System.Net.WebResponse GetResponse()
StackTrace :    at System.Net.HttpWebRequest.GetResponse()
   at HtmlAgilityPack.HtmlWeb.Get(Uri uri, String method, String path, HtmlDocument doc) in C:\Source\htmlagilitypack_1.3.0\HtmlAgilityPack\HtmlWeb.cs:line 397
   at HtmlAgilityPack.HtmlWeb.LoadUrl(Uri uri, String method) in C:\Source\htmlagilitypack_1.3.0\HtmlAgilityPack\HtmlWeb.cs:line 304
   at HtmlAgilityPack.HtmlWeb.Load(String url, String method) in C:\Source\htmlagilitypack_1.3.0\HtmlAgilityPack\HtmlWeb.cs:line 115
   at VSW.Lib.Global.Crawler.getdenled(String url, Int32 menuID, Int32 brandID, Int32 langID, Int32 totalPag) in D:\web\denlegiare\denledgiare\VSW.Lib\Global\Crawler.cs:line 446
   at ASP.tn_tools_crawl_aspx.btnRun_Click(Object sender, EventArgs e) in d:\web\denlegiare\denledgiare\VSW.Website\tn\Tools\Crawl.aspx:line 36
   at System.Web.UI.WebControls.Button.OnClick(EventArgs e)
   at System.Web.UI.WebControls.Button.RaisePostBackEvent(String eventArgument)
   at System.Web.UI.Page.ProcessRequestMain(Boolean includeStagesBeforeAsyncPoint, Boolean includeStagesAfterAsyncPoint)


Time : 29/04/2023 01:52:16
IP : ::1
URL : http://localhost:12348/tn/Tools/Crawl.aspx
Message : Exception of type 'System.Web.HttpUnhandledException' was thrown.
Source : System.Web
TargetSite : Boolean HandleError(System.Exception)
StackTrace :    at System.Web.UI.Page.HandleError(Exception e)
   at System.Web.UI.Page.ProcessRequestMain(Boolean includeStagesBeforeAsyncPoint, Boolean includeStagesAfterAsyncPoint)
   at System.Web.UI.Page.ProcessRequest(Boolean includeStagesBeforeAsyncPoint, Boolean includeStagesAfterAsyncPoint)
   at System.Web.UI.Page.ProcessRequest()
   at System.Web.UI.Page.ProcessRequest(HttpContext context)
   at ASP.tn_tools_crawl_aspx.ProcessRequest(HttpContext context) in c:\Users\thanh\AppData\Local\Temp\Temporary ASP.NET Files\vs\d76ce42e\909ffc94\App_Web_crawl.aspx.c327d63e.l9a17w1h.0.cs:line 0
   at System.Web.HttpApplication.CallHandlerExecutionStep.System.Web.HttpApplication.IExecutionStep.Execute()
   at System.Web.HttpApplication.ExecuteStepImpl(IExecutionStep step)
   at System.Web.HttpApplication.ExecuteStep(IExecutionStep step, Boolean& completedSynchronously)


Time : 29/04/2023 02:00:57
IP : ::1
URL : http://localhost:12348/tn/Tools/Crawl.aspx
Message : The request was aborted: Could not create SSL/TLS secure channel.
Source : System
TargetSite : System.Net.WebResponse GetResponse()
StackTrace :    at System.Net.HttpWebRequest.GetResponse()
   at HtmlAgilityPack.HtmlWeb.Get(Uri uri, String method, String path, HtmlDocument doc)
   at HtmlAgilityPack.HtmlWeb.LoadUrl(Uri uri, String method)
   at HtmlAgilityPack.HtmlWeb.Load(String url, String method)
   at VSW.Lib.Global.Crawler.getdenled(String url, Int32 menuID, Int32 brandID, Int32 langID, Int32 totalPag) in D:\web\denlegiare\denledgiare\VSW.Lib\Global\Crawler.cs:line 446
   at ASP.tn_tools_crawl_aspx.btnRun_Click(Object sender, EventArgs e) in d:\web\denlegiare\denledgiare\VSW.Website\tn\Tools\Crawl.aspx:line 36
   at System.Web.UI.WebControls.Button.OnClick(EventArgs e)
   at System.Web.UI.WebControls.Button.RaisePostBackEvent(String eventArgument)
   at System.Web.UI.Page.ProcessRequestMain(Boolean includeStagesBeforeAsyncPoint, Boolean includeStagesAfterAsyncPoint)


Time : 29/04/2023 02:00:57
IP : ::1
URL : http://localhost:12348/tn/Tools/Crawl.aspx
Message : Exception of type 'System.Web.HttpUnhandledException' was thrown.
Source : System.Web
TargetSite : Boolean HandleError(System.Exception)
StackTrace :    at System.Web.UI.Page.HandleError(Exception e)
   at System.Web.UI.Page.ProcessRequestMain(Boolean includeStagesBeforeAsyncPoint, Boolean includeStagesAfterAsyncPoint)
   at System.Web.UI.Page.ProcessRequest(Boolean includeStagesBeforeAsyncPoint, Boolean includeStagesAfterAsyncPoint)
   at System.Web.UI.Page.ProcessRequest()
   at System.Web.UI.Page.ProcessRequest(HttpContext context)
   at ASP.tn_tools_crawl_aspx.ProcessRequest(HttpContext context) in c:\Users\thanh\AppData\Local\Temp\Temporary ASP.NET Files\vs\d76ce42e\909ffc94\App_Web_crawl.aspx.c327d63e.lusqev1z.0.cs:line 0
   at System.Web.HttpApplication.CallHandlerExecutionStep.System.Web.HttpApplication.IExecutionStep.Execute()
   at System.Web.HttpApplication.ExecuteStepImpl(IExecutionStep step)
   at System.Web.HttpApplication.ExecuteStep(IExecutionStep step, Boolean& completedSynchronously)


Time : 29/04/2023 02:06:00
IP : ::1
URL : http://localhost:12348/tn/Tools/Crawl.aspx
Message : The request was aborted: Could not create SSL/TLS secure channel.
Source : System
TargetSite : System.Net.WebResponse GetResponse()
StackTrace :    at System.Net.HttpWebRequest.GetResponse()
   at HtmlAgilityPack.HtmlWeb.Get(Uri uri, String method, String path, HtmlDocument doc)
   at HtmlAgilityPack.HtmlWeb.LoadUrl(Uri uri, String method)
   at HtmlAgilityPack.HtmlWeb.Load(String url, String method)
   at HtmlAgilityPack.HtmlWeb.Load(String url)
   at VSW.Lib.Global.Crawler.getdenled(String url, Int32 menuID, Int32 brandID, Int32 langID, Int32 totalPag) in D:\web\denlegiare\denledgiare\VSW.Lib\Global\Crawler.cs:line 446
   at ASP.tn_tools_crawl_aspx.btnRun_Click(Object sender, EventArgs e) in d:\web\denlegiare\denledgiare\VSW.Website\tn\Tools\Crawl.aspx:line 36
   at System.Web.UI.WebControls.Button.OnClick(EventArgs e)
   at System.Web.UI.WebControls.Button.RaisePostBackEvent(String eventArgument)
   at System.Web.UI.WebControls.Button.System.Web.UI.IPostBackEventHandler.RaisePostBackEvent(String eventArgument)
   at System.Web.UI.Page.RaisePostBackEvent(IPostBackEventHandler sourceControl, String eventArgument)
   at System.Web.UI.Page.RaisePostBackEvent(NameValueCollection postData)
   at System.Web.UI.Page.ProcessRequestMain(Boolean includeStagesBeforeAsyncPoint, Boolean includeStagesAfterAsyncPoint)


Time : 29/04/2023 02:06:00
IP : ::1
URL : http://localhost:12348/tn/Tools/Crawl.aspx
Message : Exception of type 'System.Web.HttpUnhandledException' was thrown.
Source : System.Web
TargetSite : Boolean HandleError(System.Exception)
StackTrace :    at System.Web.UI.Page.HandleError(Exception e)
   at System.Web.UI.Page.ProcessRequestMain(Boolean includeStagesBeforeAsyncPoint, Boolean includeStagesAfterAsyncPoint)
   at System.Web.UI.Page.ProcessRequest(Boolean includeStagesBeforeAsyncPoint, Boolean includeStagesAfterAsyncPoint)
   at System.Web.UI.Page.ProcessRequest()
   at System.Web.UI.Page.ProcessRequestWithNoAssert(HttpContext context)
   at System.Web.UI.Page.ProcessRequest(HttpContext context)
   at ASP.tn_tools_crawl_aspx.ProcessRequest(HttpContext context) in c:\Users\thanh\AppData\Local\Temp\Temporary ASP.NET Files\vs\8e493033\909ffc94\App_Web_crawl.aspx.c327d63e.p9eeqdid.0.cs:line 0
   at System.Web.HttpApplication.CallHandlerExecutionStep.System.Web.HttpApplication.IExecutionStep.Execute()
   at System.Web.HttpApplication.ExecuteStepImpl(IExecutionStep step)
   at System.Web.HttpApplication.ExecuteStep(IExecutionStep step, Boolean& completedSynchronously)


Time : 30/04/2023 12:13:29
IP : ::1
URL : http://localhost:12348/tn/Tools/Crawl.aspx
Message : Input string was not in a correct format.
Source : mscorlib
TargetSite : Void StringToNumber(System.String, System.Globalization.NumberStyles, NumberBuffer ByRef, System.Globalization.NumberFormatInfo, Boolean)
StackTrace :    at System.Number.StringToNumber(String str, NumberStyles options, NumberBuffer& number, NumberFormatInfo info, Boolean parseDecimal)
   at System.Number.ParseUInt32(String value, NumberStyles options, NumberFormatInfo numfmt)
   at System.Convert.ToUInt32(String value)
   at VSW.Lib.Global.Crawler.getdenled(String url, Int32 menuID, Int32 brandID, Int32 langID, Int32 totalPag) in D:\web\denlegiare\denledgiare\VSW.Lib\Global\Crawler.cs:line 476
   at ASP.tn_tools_crawl_aspx.btnRun_Click(Object sender, EventArgs e) in d:\web\denlegiare\denledgiare\VSW.Website\tn\Tools\Crawl.aspx:line 36
   at System.Web.UI.WebControls.Button.OnClick(EventArgs e)
   at System.Web.UI.WebControls.Button.RaisePostBackEvent(String eventArgument)
   at System.Web.UI.WebControls.Button.System.Web.UI.IPostBackEventHandler.RaisePostBackEvent(String eventArgument)
   at System.Web.UI.Page.RaisePostBackEvent(IPostBackEventHandler sourceControl, String eventArgument)
   at System.Web.UI.Page.RaisePostBackEvent(NameValueCollection postData)
   at System.Web.UI.Page.ProcessRequestMain(Boolean includeStagesBeforeAsyncPoint, Boolean includeStagesAfterAsyncPoint)


Time : 30/04/2023 12:13:29
IP : ::1
URL : http://localhost:12348/tn/Tools/Crawl.aspx
Message : Exception of type 'System.Web.HttpUnhandledException' was thrown.
Source : System.Web
TargetSite : Boolean HandleError(System.Exception)
StackTrace :    at System.Web.UI.Page.HandleError(Exception e)
   at System.Web.UI.Page.ProcessRequestMain(Boolean includeStagesBeforeAsyncPoint, Boolean includeStagesAfterAsyncPoint)
   at System.Web.UI.Page.ProcessRequest(Boolean includeStagesBeforeAsyncPoint, Boolean includeStagesAfterAsyncPoint)
   at System.Web.UI.Page.ProcessRequest()
   at System.Web.UI.Page.ProcessRequestWithNoAssert(HttpContext context)
   at System.Web.UI.Page.ProcessRequest(HttpContext context)
   at ASP.tn_tools_crawl_aspx.ProcessRequest(HttpContext context) in c:\Users\thanh\AppData\Local\Temp\Temporary ASP.NET Files\vs\8e493033\909ffc94\App_Web_crawl.aspx.c327d63e.lv4obiwb.0.cs:line 0
   at System.Web.HttpApplication.CallHandlerExecutionStep.System.Web.HttpApplication.IExecutionStep.Execute()
   at System.Web.HttpApplication.ExecuteStepImpl(IExecutionStep step)
   at System.Web.HttpApplication.ExecuteStep(IExecutionStep step, Boolean& completedSynchronously)


Time : 30/04/2023 12:14:01
IP : ::1
URL : http://localhost:12348/tn/Tools/Crawl.aspx
Message : Input string was not in a correct format.
Source : mscorlib
TargetSite : Void StringToNumber(System.String, System.Globalization.NumberStyles, NumberBuffer ByRef, System.Globalization.NumberFormatInfo, Boolean)
StackTrace :    at System.Number.StringToNumber(String str, NumberStyles options, NumberBuffer& number, NumberFormatInfo info, Boolean parseDecimal)
   at System.Number.ParseUInt32(String value, NumberStyles options, NumberFormatInfo numfmt)
   at System.Convert.ToUInt32(String value)
   at VSW.Lib.Global.Crawler.getdenled(String url, Int32 menuID, Int32 brandID, Int32 langID, Int32 totalPag) in D:\web\denlegiare\denledgiare\VSW.Lib\Global\Crawler.cs:line 476
   at ASP.tn_tools_crawl_aspx.btnRun_Click(Object sender, EventArgs e) in d:\web\denlegiare\denledgiare\VSW.Website\tn\Tools\Crawl.aspx:line 36
   at System.Web.UI.WebControls.Button.OnClick(EventArgs e)
   at System.Web.UI.WebControls.Button.RaisePostBackEvent(String eventArgument)
   at System.Web.UI.WebControls.Button.System.Web.UI.IPostBackEventHandler.RaisePostBackEvent(String eventArgument)
   at System.Web.UI.Page.RaisePostBackEvent(IPostBackEventHandler sourceControl, String eventArgument)
   at System.Web.UI.Page.RaisePostBackEvent(NameValueCollection postData)
   at System.Web.UI.Page.ProcessRequestMain(Boolean includeStagesBeforeAsyncPoint, Boolean includeStagesAfterAsyncPoint)


Time : 30/04/2023 12:14:01
IP : ::1
URL : http://localhost:12348/tn/Tools/Crawl.aspx
Message : Exception of type 'System.Web.HttpUnhandledException' was thrown.
Source : System.Web
TargetSite : Boolean HandleError(System.Exception)
StackTrace :    at System.Web.UI.Page.HandleError(Exception e)
   at System.Web.UI.Page.ProcessRequestMain(Boolean includeStagesBeforeAsyncPoint, Boolean includeStagesAfterAsyncPoint)
   at System.Web.UI.Page.ProcessRequest(Boolean includeStagesBeforeAsyncPoint, Boolean includeStagesAfterAsyncPoint)
   at System.Web.UI.Page.ProcessRequest()
   at System.Web.UI.Page.ProcessRequestWithNoAssert(HttpContext context)
   at System.Web.UI.Page.ProcessRequest(HttpContext context)
   at ASP.tn_tools_crawl_aspx.ProcessRequest(HttpContext context) in c:\Users\thanh\AppData\Local\Temp\Temporary ASP.NET Files\vs\8e493033\909ffc94\App_Web_crawl.aspx.c327d63e.lv4obiwb.0.cs:line 0
   at System.Web.HttpApplication.CallHandlerExecutionStep.System.Web.HttpApplication.IExecutionStep.Execute()
   at System.Web.HttpApplication.ExecuteStepImpl(IExecutionStep step)
   at System.Web.HttpApplication.ExecuteStep(IExecutionStep step, Boolean& completedSynchronously)


Time : 30/04/2023 12:15:30
IP : ::1
URL : http://localhost:12348/tn/Tools/Crawl.aspx
Unable to connect to the remote server


Time : 30/04/2023 12:15:51
IP : ::1
URL : http://localhost:12348/tn/Tools/Crawl.aspx
Unable to connect to the remote server


Time : 30/04/2023 12:16:03
IP : ::1
URL : http://localhost:12348/tn/Tools/Crawl.aspx
Unable to connect to the remote server


Time : 30/04/2023 12:16:12
IP : ::1
URL : http://localhost:12348/tn/Tools/Crawl.aspx
Unable to connect to the remote server


Time : 30/04/2023 12:16:12
IP : ::1
URL : http://localhost:12348/tn/Tools/Crawl.aspx
Message : Input string was not in a correct format.
Source : mscorlib
TargetSite : Void StringToNumber(System.String, System.Globalization.NumberStyles, NumberBuffer ByRef, System.Globalization.NumberFormatInfo, Boolean)
StackTrace :    at System.Number.StringToNumber(String str, NumberStyles options, NumberBuffer& number, NumberFormatInfo info, Boolean parseDecimal)
   at System.Number.ParseInt64(String value, NumberStyles options, NumberFormatInfo numfmt)
   at System.Convert.ToInt64(String value)
   at VSW.Lib.Global.Crawler.getdenled(String url, Int32 menuID, Int32 brandID, Int32 langID, Int32 totalPag) in D:\web\denlegiare\denledgiare\VSW.Lib\Global\Crawler.cs:line 518
   at ASP.tn_tools_crawl_aspx.btnRun_Click(Object sender, EventArgs e) in d:\web\denlegiare\denledgiare\VSW.Website\tn\Tools\Crawl.aspx:line 36
   at System.Web.UI.WebControls.Button.OnClick(EventArgs e)
   at System.Web.UI.WebControls.Button.RaisePostBackEvent(String eventArgument)
   at System.Web.UI.WebControls.Button.System.Web.UI.IPostBackEventHandler.RaisePostBackEvent(String eventArgument)
   at System.Web.UI.Page.RaisePostBackEvent(IPostBackEventHandler sourceControl, String eventArgument)
   at System.Web.UI.Page.RaisePostBackEvent(NameValueCollection postData)
   at System.Web.UI.Page.ProcessRequestMain(Boolean includeStagesBeforeAsyncPoint, Boolean includeStagesAfterAsyncPoint)


Time : 30/04/2023 12:16:12
IP : ::1
URL : http://localhost:12348/tn/Tools/Crawl.aspx
Message : Exception of type 'System.Web.HttpUnhandledException' was thrown.
Source : System.Web
TargetSite : Boolean HandleError(System.Exception)
StackTrace :    at System.Web.UI.Page.HandleError(Exception e)
   at System.Web.UI.Page.ProcessRequestMain(Boolean includeStagesBeforeAsyncPoint, Boolean includeStagesAfterAsyncPoint)
   at System.Web.UI.Page.ProcessRequest(Boolean includeStagesBeforeAsyncPoint, Boolean includeStagesAfterAsyncPoint)
   at System.Web.UI.Page.ProcessRequest()
   at System.Web.UI.Page.ProcessRequestWithNoAssert(HttpContext context)
   at System.Web.UI.Page.ProcessRequest(HttpContext context)
   at ASP.tn_tools_crawl_aspx.ProcessRequest(HttpContext context) in c:\Users\thanh\AppData\Local\Temp\Temporary ASP.NET Files\vs\8e493033\909ffc94\App_Web_crawl.aspx.c327d63e.qdo7l4m8.0.cs:line 0
   at System.Web.HttpApplication.CallHandlerExecutionStep.System.Web.HttpApplication.IExecutionStep.Execute()
   at System.Web.HttpApplication.ExecuteStepImpl(IExecutionStep step)
   at System.Web.HttpApplication.ExecuteStep(IExecutionStep step, Boolean& completedSynchronously)


Time : 30/04/2023 12:16:24
IP : ::1
URL : http://localhost:12348/tn/Tools/Crawl.aspx
Unable to connect to the remote server


Time : 30/04/2023 12:16:45
IP : ::1
URL : http://localhost:12348/tn/Tools/Crawl.aspx
Unable to connect to the remote server


Time : 30/04/2023 12:16:45
IP : ::1
URL : http://localhost:12348/tn/Tools/Crawl.aspx
Message : Input string was not in a correct format.
Source : mscorlib
TargetSite : Void StringToNumber(System.String, System.Globalization.NumberStyles, NumberBuffer ByRef, System.Globalization.NumberFormatInfo, Boolean)
StackTrace :    at System.Number.StringToNumber(String str, NumberStyles options, NumberBuffer& number, NumberFormatInfo info, Boolean parseDecimal)
   at System.Number.ParseInt64(String value, NumberStyles options, NumberFormatInfo numfmt)
   at System.Convert.ToInt64(String value)
   at VSW.Lib.Global.Crawler.getdenled(String url, Int32 menuID, Int32 brandID, Int32 langID, Int32 totalPag) in D:\web\denlegiare\denledgiare\VSW.Lib\Global\Crawler.cs:line 518
   at ASP.tn_tools_crawl_aspx.btnRun_Click(Object sender, EventArgs e) in d:\web\denlegiare\denledgiare\VSW.Website\tn\Tools\Crawl.aspx:line 36
   at System.Web.UI.WebControls.Button.OnClick(EventArgs e)
   at System.Web.UI.WebControls.Button.RaisePostBackEvent(String eventArgument)
   at System.Web.UI.WebControls.Button.System.Web.UI.IPostBackEventHandler.RaisePostBackEvent(String eventArgument)
   at System.Web.UI.Page.RaisePostBackEvent(IPostBackEventHandler sourceControl, String eventArgument)
   at System.Web.UI.Page.RaisePostBackEvent(NameValueCollection postData)
   at System.Web.UI.Page.ProcessRequestMain(Boolean includeStagesBeforeAsyncPoint, Boolean includeStagesAfterAsyncPoint)


Time : 30/04/2023 12:16:45
IP : ::1
URL : http://localhost:12348/tn/Tools/Crawl.aspx
Message : Exception of type 'System.Web.HttpUnhandledException' was thrown.
Source : System.Web
TargetSite : Boolean HandleError(System.Exception)
StackTrace :    at System.Web.UI.Page.HandleError(Exception e)
   at System.Web.UI.Page.ProcessRequestMain(Boolean includeStagesBeforeAsyncPoint, Boolean includeStagesAfterAsyncPoint)
   at System.Web.UI.Page.ProcessRequest(Boolean includeStagesBeforeAsyncPoint, Boolean includeStagesAfterAsyncPoint)
   at System.Web.UI.Page.ProcessRequest()
   at System.Web.UI.Page.ProcessRequestWithNoAssert(HttpContext context)
   at System.Web.UI.Page.ProcessRequest(HttpContext context)
   at ASP.tn_tools_crawl_aspx.ProcessRequest(HttpContext context) in c:\Users\thanh\AppData\Local\Temp\Temporary ASP.NET Files\vs\8e493033\909ffc94\App_Web_crawl.aspx.c327d63e.qdo7l4m8.0.cs:line 0
   at System.Web.HttpApplication.CallHandlerExecutionStep.System.Web.HttpApplication.IExecutionStep.Execute()
   at System.Web.HttpApplication.ExecuteStepImpl(IExecutionStep step)
   at System.Web.HttpApplication.ExecuteStep(IExecutionStep step, Boolean& completedSynchronously)


Time : 30/04/2023 12:20:55
IP : ::1
URL : http://localhost:12348/tn/Tools/Crawl.aspx
Message : Index was out of range. Must be non-negative and less than the size of the collection.
Parameter name: index
Source : mscorlib
TargetSite : System.Object get_Item(Int32)
StackTrace :    at System.Collections.ArrayList.get_Item(Int32 index)
   at HtmlAgilityPack.HtmlNodeCollection.get_Item(Int32 index)
   at VSW.Lib.Global.Crawler.getdenled(String url, Int32 menuID, Int32 brandID, Int32 langID, Int32 totalPag) in D:\web\denlegiare\denledgiare\VSW.Lib\Global\Crawler.cs:line 480
   at ASP.tn_tools_crawl_aspx.btnRun_Click(Object sender, EventArgs e) in d:\web\denlegiare\denledgiare\VSW.Website\tn\Tools\Crawl.aspx:line 36
   at System.Web.UI.WebControls.Button.OnClick(EventArgs e)
   at System.Web.UI.WebControls.Button.RaisePostBackEvent(String eventArgument)
   at System.Web.UI.WebControls.Button.System.Web.UI.IPostBackEventHandler.RaisePostBackEvent(String eventArgument)
   at System.Web.UI.Page.RaisePostBackEvent(IPostBackEventHandler sourceControl, String eventArgument)
   at System.Web.UI.Page.RaisePostBackEvent(NameValueCollection postData)
   at System.Web.UI.Page.ProcessRequestMain(Boolean includeStagesBeforeAsyncPoint, Boolean includeStagesAfterAsyncPoint)


Time : 30/04/2023 12:20:55
IP : ::1
URL : http://localhost:12348/tn/Tools/Crawl.aspx
Message : Exception of type 'System.Web.HttpUnhandledException' was thrown.
Source : System.Web
TargetSite : Boolean HandleError(System.Exception)
StackTrace :    at System.Web.UI.Page.HandleError(Exception e)
   at System.Web.UI.Page.ProcessRequestMain(Boolean includeStagesBeforeAsyncPoint, Boolean includeStagesAfterAsyncPoint)
   at System.Web.UI.Page.ProcessRequest(Boolean includeStagesBeforeAsyncPoint, Boolean includeStagesAfterAsyncPoint)
   at System.Web.UI.Page.ProcessRequest()
   at System.Web.UI.Page.ProcessRequestWithNoAssert(HttpContext context)
   at System.Web.UI.Page.ProcessRequest(HttpContext context)
   at ASP.tn_tools_crawl_aspx.ProcessRequest(HttpContext context) in c:\Users\thanh\AppData\Local\Temp\Temporary ASP.NET Files\vs\8e493033\909ffc94\App_Web_crawl.aspx.c327d63e.rgjaxi_7.0.cs:line 0
   at System.Web.HttpApplication.CallHandlerExecutionStep.System.Web.HttpApplication.IExecutionStep.Execute()
   at System.Web.HttpApplication.ExecuteStepImpl(IExecutionStep step)
   at System.Web.HttpApplication.ExecuteStep(IExecutionStep step, Boolean& completedSynchronously)


Time : 30/04/2023 12:22:35
IP : ::1
URL : http://localhost:12348/tn/Tools/Crawl.aspx
Unable to connect to the remote server


Time : 30/04/2023 12:22:57
IP : ::1
URL : http://localhost:12348/tn/Tools/Crawl.aspx
Unable to connect to the remote server


Time : 30/04/2023 12:23:18
IP : ::1
URL : http://localhost:12348/tn/Tools/Crawl.aspx
Unable to connect to the remote server


Time : 30/04/2023 12:23:32
IP : ::1
URL : http://localhost:12348/tn/Tools/Crawl.aspx
Message : Input string was not in a correct format.
Source : mscorlib
TargetSite : Void StringToNumber(System.String, System.Globalization.NumberStyles, NumberBuffer ByRef, System.Globalization.NumberFormatInfo, Boolean)
StackTrace :    at System.Number.StringToNumber(String str, NumberStyles options, NumberBuffer& number, NumberFormatInfo info, Boolean parseDecimal)
   at System.Number.ParseInt64(String value, NumberStyles options, NumberFormatInfo numfmt)
   at System.Convert.ToInt64(String value)
   at VSW.Lib.Global.Crawler.getdenled(String url, Int32 menuID, Int32 brandID, Int32 langID, Int32 totalPag) in D:\web\denlegiare\denledgiare\VSW.Lib\Global\Crawler.cs:line 518
   at ASP.tn_tools_crawl_aspx.btnRun_Click(Object sender, EventArgs e) in d:\web\denlegiare\denledgiare\VSW.Website\tn\Tools\Crawl.aspx:line 36
   at System.Web.UI.WebControls.Button.OnClick(EventArgs e)
   at System.Web.UI.WebControls.Button.RaisePostBackEvent(String eventArgument)
   at System.Web.UI.WebControls.Button.System.Web.UI.IPostBackEventHandler.RaisePostBackEvent(String eventArgument)
   at System.Web.UI.Page.RaisePostBackEvent(IPostBackEventHandler sourceControl, String eventArgument)
   at System.Web.UI.Page.RaisePostBackEvent(NameValueCollection postData)
   at System.Web.UI.Page.ProcessRequestMain(Boolean includeStagesBeforeAsyncPoint, Boolean includeStagesAfterAsyncPoint)


Time : 30/04/2023 12:23:32
IP : ::1
URL : http://localhost:12348/tn/Tools/Crawl.aspx
Message : Exception of type 'System.Web.HttpUnhandledException' was thrown.
Source : System.Web
TargetSite : Boolean HandleError(System.Exception)
StackTrace :    at System.Web.UI.Page.HandleError(Exception e)
   at System.Web.UI.Page.ProcessRequestMain(Boolean includeStagesBeforeAsyncPoint, Boolean includeStagesAfterAsyncPoint)
   at System.Web.UI.Page.ProcessRequest(Boolean includeStagesBeforeAsyncPoint, Boolean includeStagesAfterAsyncPoint)
   at System.Web.UI.Page.ProcessRequest()
   at System.Web.UI.Page.ProcessRequestWithNoAssert(HttpContext context)
   at System.Web.UI.Page.ProcessRequest(HttpContext context)
   at ASP.tn_tools_crawl_aspx.ProcessRequest(HttpContext context) in c:\Users\thanh\AppData\Local\Temp\Temporary ASP.NET Files\vs\8e493033\909ffc94\App_Web_crawl.aspx.c327d63e.szyou0mm.0.cs:line 0
   at System.Web.HttpApplication.CallHandlerExecutionStep.System.Web.HttpApplication.IExecutionStep.Execute()
   at System.Web.HttpApplication.ExecuteStepImpl(IExecutionStep step)
   at System.Web.HttpApplication.ExecuteStep(IExecutionStep step, Boolean& completedSynchronously)


Time : 30/04/2023 12:23:36
IP : ::1
URL : http://localhost:12348/tn/Tools/Crawl.aspx
Unable to connect to the remote server


Time : 30/04/2023 05:57:41
IP : ::1
URL : http://localhost:12348/tn/Tools/Crawl.aspx
Unable to connect to the remote server


Time : 30/04/2023 05:58:02
IP : ::1
URL : http://localhost:12348/tn/Tools/Crawl.aspx
Unable to connect to the remote server


Time : 30/04/2023 06:00:26
IP : ::1
URL : http://localhost:12348/tn/Tools/Crawl.aspx
Unable to connect to the remote server


Time : 30/04/2023 06:00:35
IP : ::1
URL : http://localhost:12348/tn/Tools/Crawl.aspx
Message : Input string was not in a correct format.
Source : mscorlib
TargetSite : Void StringToNumber(System.String, System.Globalization.NumberStyles, NumberBuffer ByRef, System.Globalization.NumberFormatInfo, Boolean)
StackTrace :    at System.Number.StringToNumber(String str, NumberStyles options, NumberBuffer& number, NumberFormatInfo info, Boolean parseDecimal)
   at System.Number.ParseInt64(String value, NumberStyles options, NumberFormatInfo numfmt)
   at System.Convert.ToInt64(String value)
   at VSW.Lib.Global.Crawler.getdenled(String url, Int32 menuID, Int32 brandID, Int32 langID, Int32 totalPag) in D:\web\denlegiare\denledgiare\VSW.Lib\Global\Crawler.cs:line 521
   at ASP.tn_tools_crawl_aspx.btnRun_Click(Object sender, EventArgs e) in d:\web\denlegiare\denledgiare\VSW.Website\tn\Tools\Crawl.aspx:line 36
   at System.Web.UI.WebControls.Button.OnClick(EventArgs e)
   at System.Web.UI.WebControls.Button.RaisePostBackEvent(String eventArgument)
   at System.Web.UI.WebControls.Button.System.Web.UI.IPostBackEventHandler.RaisePostBackEvent(String eventArgument)
   at System.Web.UI.Page.RaisePostBackEvent(IPostBackEventHandler sourceControl, String eventArgument)
   at System.Web.UI.Page.RaisePostBackEvent(NameValueCollection postData)
   at System.Web.UI.Page.ProcessRequestMain(Boolean includeStagesBeforeAsyncPoint, Boolean includeStagesAfterAsyncPoint)


Time : 30/04/2023 06:00:35
IP : ::1
URL : http://localhost:12348/tn/Tools/Crawl.aspx
Message : Exception of type 'System.Web.HttpUnhandledException' was thrown.
Source : System.Web
TargetSite : Boolean HandleError(System.Exception)
StackTrace :    at System.Web.UI.Page.HandleError(Exception e)
   at System.Web.UI.Page.ProcessRequestMain(Boolean includeStagesBeforeAsyncPoint, Boolean includeStagesAfterAsyncPoint)
   at System.Web.UI.Page.ProcessRequest(Boolean includeStagesBeforeAsyncPoint, Boolean includeStagesAfterAsyncPoint)
   at System.Web.UI.Page.ProcessRequest()
   at System.Web.UI.Page.ProcessRequestWithNoAssert(HttpContext context)
   at System.Web.UI.Page.ProcessRequest(HttpContext context)
   at ASP.tn_tools_crawl_aspx.ProcessRequest(HttpContext context) in c:\Users\thanh\AppData\Local\Temp\Temporary ASP.NET Files\vs\8e493033\909ffc94\App_Web_crawl.aspx.c327d63e.wzvdpbp0.0.cs:line 0
   at System.Web.HttpApplication.CallHandlerExecutionStep.System.Web.HttpApplication.IExecutionStep.Execute()
   at System.Web.HttpApplication.ExecuteStepImpl(IExecutionStep step)
   at System.Web.HttpApplication.ExecuteStep(IExecutionStep step, Boolean& completedSynchronously)


Time : 30/04/2023 06:00:58
IP : ::1
URL : http://localhost:12348/tn/Tools/Crawl.aspx
Unable to connect to the remote server


Time : 30/04/2023 06:01:19
IP : ::1
URL : http://localhost:12348/tn/Tools/Crawl.aspx
Unable to connect to the remote server


Time : 30/04/2023 06:01:40
IP : ::1
URL : http://localhost:12348/tn/Tools/Crawl.aspx
Unable to connect to the remote server


Time : 30/04/2023 06:01:40
IP : ::1
URL : http://localhost:12348/tn/Tools/Crawl.aspx
Message : Input string was not in a correct format.
Source : mscorlib
TargetSite : Void StringToNumber(System.String, System.Globalization.NumberStyles, NumberBuffer ByRef, System.Globalization.NumberFormatInfo, Boolean)
StackTrace :    at System.Number.StringToNumber(String str, NumberStyles options, NumberBuffer& number, NumberFormatInfo info, Boolean parseDecimal)
   at System.Number.ParseInt64(String value, NumberStyles options, NumberFormatInfo numfmt)
   at System.Convert.ToInt64(String value)
   at VSW.Lib.Global.Crawler.getdenled(String url, Int32 menuID, Int32 brandID, Int32 langID, Int32 totalPag) in D:\web\denlegiare\denledgiare\VSW.Lib\Global\Crawler.cs:line 521
   at ASP.tn_tools_crawl_aspx.btnRun_Click(Object sender, EventArgs e) in d:\web\denlegiare\denledgiare\VSW.Website\tn\Tools\Crawl.aspx:line 36
   at System.Web.UI.WebControls.Button.OnClick(EventArgs e)
   at System.Web.UI.WebControls.Button.RaisePostBackEvent(String eventArgument)
   at System.Web.UI.WebControls.Button.System.Web.UI.IPostBackEventHandler.RaisePostBackEvent(String eventArgument)
   at System.Web.UI.Page.RaisePostBackEvent(IPostBackEventHandler sourceControl, String eventArgument)
   at System.Web.UI.Page.RaisePostBackEvent(NameValueCollection postData)
   at System.Web.UI.Page.ProcessRequestMain(Boolean includeStagesBeforeAsyncPoint, Boolean includeStagesAfterAsyncPoint)


Time : 30/04/2023 06:01:40
IP : ::1
URL : http://localhost:12348/tn/Tools/Crawl.aspx
Message : Exception of type 'System.Web.HttpUnhandledException' was thrown.
Source : System.Web
TargetSite : Boolean HandleError(System.Exception)
StackTrace :    at System.Web.UI.Page.HandleError(Exception e)
   at System.Web.UI.Page.ProcessRequestMain(Boolean includeStagesBeforeAsyncPoint, Boolean includeStagesAfterAsyncPoint)
   at System.Web.UI.Page.ProcessRequest(Boolean includeStagesBeforeAsyncPoint, Boolean includeStagesAfterAsyncPoint)
   at System.Web.UI.Page.ProcessRequest()
   at System.Web.UI.Page.ProcessRequestWithNoAssert(HttpContext context)
   at System.Web.UI.Page.ProcessRequest(HttpContext context)
   at ASP.tn_tools_crawl_aspx.ProcessRequest(HttpContext context) in c:\Users\thanh\AppData\Local\Temp\Temporary ASP.NET Files\vs\8e493033\909ffc94\App_Web_crawl.aspx.c327d63e.qozkvzfb.0.cs:line 0
   at System.Web.HttpApplication.CallHandlerExecutionStep.System.Web.HttpApplication.IExecutionStep.Execute()
   at System.Web.HttpApplication.ExecuteStepImpl(IExecutionStep step)
   at System.Web.HttpApplication.ExecuteStep(IExecutionStep step, Boolean& completedSynchronously)


