Time : 12/06/2023 01:14:33
IP : ::1
URL : http://localhost:12348/den-led-nang-luong-mt.html
Unable to load DLL 'libwebp.dll': The specified module could not be found. (Exception from HRESULT: 0x8007007E)


Time : 12/06/2023 01:14:45
IP : ::1
URL : http://localhost:12348/bao-gia-lap-dat-dien-nlmt.html
Unable to load DLL 'libwebp.dll': The specified module could not be found. (Exception from HRESULT: 0x8007007E)


Time : 12/06/2023 01:14:45
IP : ::1
URL : http://localhost:12348/bao-gia-lap-dat-dien-nlmt.html
Unable to load DLL 'libwebp.dll': The specified module could not be found. (Exception from HRESULT: 0x8007007E)


Time : 12/06/2023 01:14:46
IP : ::1
URL : http://localhost:12348/bao-gia-lap-dat-dien-nlmt.html
Unable to load DLL 'libwebp.dll': The specified module could not be found. (Exception from HRESULT: 0x8007007E)


Time : 12/06/2023 01:14:46
IP : ::1
URL : http://localhost:12348/bao-gia-lap-dat-dien-nlmt.html
Unable to load DLL 'libwebp.dll': The specified module could not be found. (Exception from HRESULT: 0x8007007E)


Time : 12/06/2023 01:14:46
IP : ::1
URL : http://localhost:12348/bao-gia-lap-dat-dien-nlmt.html
Unable to load DLL 'libwebp.dll': The specified module could not be found. (Exception from HRESULT: 0x8007007E)


Time : 12/06/2023 01:14:46
IP : ::1
URL : http://localhost:12348/bao-gia-lap-dat-dien-nlmt.html
Unable to load DLL 'libwebp.dll': The specified module could not be found. (Exception from HRESULT: 0x8007007E)


Time : 12/06/2023 01:14:46
IP : ::1
URL : http://localhost:12348/bao-gia-lap-dat-dien-nlmt.html
Unable to load DLL 'libwebp.dll': The specified module could not be found. (Exception from HRESULT: 0x8007007E)


Time : 12/06/2023 01:14:46
IP : ::1
URL : http://localhost:12348/bao-gia-lap-dat-dien-nlmt.html
Unable to load DLL 'libwebp.dll': The specified module could not be found. (Exception from HRESULT: 0x8007007E)


Time : 12/06/2023 01:14:46
IP : ::1
URL : http://localhost:12348/bao-gia-lap-dat-dien-nlmt.html
Unable to load DLL 'libwebp.dll': The specified module could not be found. (Exception from HRESULT: 0x8007007E)


Time : 12/06/2023 01:14:46
IP : ::1
URL : http://localhost:12348/bao-gia-lap-dat-dien-nlmt.html
Unable to load DLL 'libwebp.dll': The specified module could not be found. (Exception from HRESULT: 0x8007007E)


Time : 12/06/2023 01:14:46
IP : ::1
URL : http://localhost:12348/bao-gia-lap-dat-dien-nlmt.html
Unable to load DLL 'libwebp.dll': The specified module could not be found. (Exception from HRESULT: 0x8007007E)


Time : 12/06/2023 01:14:46
IP : ::1
URL : http://localhost:12348/bao-gia-lap-dat-dien-nlmt.html
Unable to load DLL 'libwebp.dll': The specified module could not be found. (Exception from HRESULT: 0x8007007E)


