Time : 06/03/2022 09:54:36
IP : ::1
URL : http://localhost:12347/
Message : Execution Timeout Expired.  The timeout period elapsed prior to completion of the operation or the server is not responding.
SQLText : SELECT * FROM [Sys_Page] with (NOLOCK)  WHERE ([Activity]=1)
SQLParameters : 
Source : VSW.Corev2.0
TargetSite : System.Data.DataSet ExecuteDataSet(System.String, System.String, System.Object[])
StackTrace :    at VSW.Core.Data.SQLCmd.ExecuteDataSet(String connectionString, String command, Object[] Params) in D:\khoinguyen\VSW.Corev2.0\Data\SQLCmd.cs:line 20
   at VSW.Core.Data.SQLCmd.ExecuteDataTable(String connectionString, String command, Object[] Params) in D:\khoinguyen\VSW.Corev2.0\Data\SQLCmd.cs:line 26
   at VSW.Core.Models.ServiceBase`1.ExecuteDataTable(String command, Object[] Params) in D:\khoinguyen\VSW.Corev2.0\Models\ServiceBase.cs:line 132
   at VSW.Core.Models.DBQuery`1.ToList() in D:\khoinguyen\VSW.Corev2.0\Models\DBQuery.cs:line 402
   at VSW.Core.Models.DBQuery`1.ToList_Cache() in D:\khoinguyen\VSW.Corev2.0\Models\DBQuery.cs:line 460
   at VSW.Lib.Models.SysPageService.GetAll_Cache() in D:\khoinguyen\khoinguyen-lamlai\VSW.Lib\Models\SysPageModel.cs:line 316
   at VSW.Lib.Models.SysPageService.VSW_Core_GetByID(Int32 id) in D:\khoinguyen\khoinguyen-lamlai\VSW.Lib\Models\SysPageModel.cs:line 327
   at VSW.Core.MVC.ViewPage.InitializeCulture() in D:\khoinguyen\VSW.Corev2.0\MVC\ViewPage.cs:line 205
   at ASP.default_aspx.__BuildControlTree(default_aspx __ctrl) in d:\khoinguyen\khoinguyen-lamlai\VSW.Website\Default.aspx:line 1
   at ASP.default_aspx.FrameworkInitialize() in c:\Users\thanh\AppData\Local\Temp\Temporary ASP.NET Files\vs\4bc89b02\1da8926c\App_Web_default.aspx.cdcab7d2.mz9nqv2d.0.cs:line 0
   at System.Web.UI.Page.ProcessRequest(Boolean includeStagesBeforeAsyncPoint, Boolean includeStagesAfterAsyncPoint)
   at System.Web.UI.Page.ProcessRequest()
   at System.Web.UI.Page.ProcessRequest(HttpContext context)
   at ASP.default_aspx.ProcessRequest(HttpContext context) in c:\Users\thanh\AppData\Local\Temp\Temporary ASP.NET Files\vs\4bc89b02\1da8926c\App_Web_default.aspx.cdcab7d2.mz9nqv2d.0.cs:line 0
   at System.Web.HttpApplication.CallHandlerExecutionStep.System.Web.HttpApplication.IExecutionStep.Execute()
   at System.Web.HttpApplication.ExecuteStepImpl(IExecutionStep step)
   at System.Web.HttpApplication.ExecuteStep(IExecutionStep step, Boolean& completedSynchronously)


Time : 06/03/2022 09:54:50
IP : ::1
URL : http://localhost:12347/KhoiNguyen/Login.aspx?ReturnPath=%2fKhoiNguyen%2f
Message : A network-related or instance-specific error occurred while establishing a connection to SQL Server. The server was not found or was not accessible. Verify that the instance name is correct and that SQL Server is configured to allow remote connections. (provider: SQL Network Interfaces, error: 26 - Error Locating Server/Instance Specified)
SQLText : SELECT TOP 1 * FROM [CP_User] with (NOLOCK)  WHERE ((([LoginName]=@p1000) AND ([Password]=@p1001)) AND ([Activity]=1))
SQLParameters : @p1000=admin, @p1001=96-1F-77-CB-27-BE-1B-1F-B4-16-EE-3C-46-E1-DA-39, 
Source : VSW.Corev2.0
TargetSite : System.Data.DataSet ExecuteDataSet(System.String, System.String, System.Object[])
StackTrace :    at VSW.Core.Data.SQLCmd.ExecuteDataSet(String connectionString, String command, Object[] Params) in D:\khoinguyen\VSW.Corev2.0\Data\SQLCmd.cs:line 20
   at VSW.Core.Data.SQLCmd.ExecuteDataTable(String connectionString, String command, Object[] Params) in D:\khoinguyen\VSW.Corev2.0\Data\SQLCmd.cs:line 26
   at VSW.Core.Models.ServiceBase`1.ExecuteDataTable(String command, Object[] Params) in D:\khoinguyen\VSW.Corev2.0\Models\ServiceBase.cs:line 132
   at VSW.Core.Models.DBQuery`1.ToList() in D:\khoinguyen\VSW.Corev2.0\Models\DBQuery.cs:line 402
   at VSW.Core.Models.DBQuery`1.ToSingle() in D:\khoinguyen\VSW.Corev2.0\Models\DBQuery.cs:line 496
   at VSW.Lib.Models.CPUserService.GetLoginMd5(String loginName, String password) in D:\khoinguyen\khoinguyen-lamlai\VSW.Lib\Models\CPUserModel.cs:line 162
   at VSW.Lib.Models.CPUserService.GetLogin(String loginName, String password) in D:\khoinguyen\khoinguyen-lamlai\VSW.Lib\Models\CPUserModel.cs:line 157
   at VSW.Lib.Global.CPLogin.CheckLogin(String loginName, String password) in D:\khoinguyen\khoinguyen-lamlai\VSW.Lib\Global\CPLogin.cs:line 15
   at VSW.Lib.CPControllers.LoginController.ActionLogin(LoginModel loginModel) in D:\khoinguyen\khoinguyen-lamlai\VSW.Lib\CPControllers\LoginController.cs:line 14


Time : 06/03/2022 09:54:50
IP : ::1
URL : http://localhost:12347/KhoiNguyen/Login.aspx?ReturnPath=%2fKhoiNguyen%2f
Message : Exception of type 'System.Web.HttpUnhandledException' was thrown.
Source : System.Web
TargetSite : Boolean HandleError(System.Exception)
StackTrace :    at System.Web.UI.Page.HandleError(Exception e)
   at System.Web.UI.Page.ProcessRequestMain(Boolean includeStagesBeforeAsyncPoint, Boolean includeStagesAfterAsyncPoint)
   at System.Web.UI.Page.ProcessRequest(Boolean includeStagesBeforeAsyncPoint, Boolean includeStagesAfterAsyncPoint)
   at System.Web.UI.Page.ProcessRequest()
   at System.Web.UI.Page.ProcessRequest(HttpContext context)
   at ASP.khoinguyen_default_aspx.ProcessRequest(HttpContext context) in c:\Users\thanh\AppData\Local\Temp\Temporary ASP.NET Files\vs\4bc89b02\1da8926c\App_Web_default.aspx.45176fc5.hmt8-ubf.0.cs:line 0
   at System.Web.HttpApplication.CallHandlerExecutionStep.System.Web.HttpApplication.IExecutionStep.Execute()
   at System.Web.HttpApplication.ExecuteStepImpl(IExecutionStep step)
   at System.Web.HttpApplication.ExecuteStep(IExecutionStep step, Boolean& completedSynchronously)


Time : 06/03/2022 09:54:50
IP : ::1
URL : http://localhost:12347/favicon.html
Message : A network-related or instance-specific error occurred while establishing a connection to SQL Server. The server was not found or was not accessible. Verify that the instance name is correct and that SQL Server is configured to allow remote connections. (provider: SQL Network Interfaces, error: 26 - Error Locating Server/Instance Specified)
SQLText : SELECT TOP 1 * FROM [Mod_CleanURL] with (NOLOCK)  WHERE (([Code]=@p1000) AND ([LangID]=1))
SQLParameters : @p1000=favicon, 
Source : VSW.Corev2.0
TargetSite : System.Data.DataSet ExecuteDataSet(System.String, System.String, System.Object[])
StackTrace :    at VSW.Core.Data.SQLCmd.ExecuteDataSet(String connectionString, String command, Object[] Params) in D:\khoinguyen\VSW.Corev2.0\Data\SQLCmd.cs:line 20
   at VSW.Core.Data.SQLCmd.ExecuteDataTable(String connectionString, String command, Object[] Params) in D:\khoinguyen\VSW.Corev2.0\Data\SQLCmd.cs:line 26
   at VSW.Core.Models.ServiceBase`1.ExecuteDataTable(String command, Object[] Params) in D:\khoinguyen\VSW.Corev2.0\Models\ServiceBase.cs:line 132
   at VSW.Core.Models.DBQuery`1.ToList() in D:\khoinguyen\VSW.Corev2.0\Models\DBQuery.cs:line 402
   at VSW.Core.Models.DBQuery`1.ToSingle() in D:\khoinguyen\VSW.Corev2.0\Models\DBQuery.cs:line 496
   at VSW.Lib.Models.ModCleanURLService.GetByCode(String code, Int32 langId) in D:\khoinguyen\khoinguyen-lamlai\VSW.Lib\Models\ModCleanURLModel.cs:line 53
   at VSW.Lib.Models.SysPageService.VSW_Core_CurrentPage(ViewPage viewPage) in D:\khoinguyen\khoinguyen-lamlai\VSW.Lib\Models\SysPageModel.cs:line 394
   at VSW.Core.MVC.ViewPage.InitializeCulture() in D:\khoinguyen\VSW.Corev2.0\MVC\ViewPage.cs:line 211
   at ASP.default_aspx.__BuildControlTree(default_aspx __ctrl) in d:\khoinguyen\khoinguyen-lamlai\VSW.Website\Default.aspx:line 1
   at ASP.default_aspx.FrameworkInitialize() in c:\Users\thanh\AppData\Local\Temp\Temporary ASP.NET Files\vs\4bc89b02\1da8926c\App_Web_default.aspx.cdcab7d2.mz9nqv2d.0.cs:line 0
   at System.Web.UI.Page.ProcessRequest(Boolean includeStagesBeforeAsyncPoint, Boolean includeStagesAfterAsyncPoint)
   at System.Web.UI.Page.ProcessRequest()
   at System.Web.UI.Page.ProcessRequest(HttpContext context)
   at ASP.default_aspx.ProcessRequest(HttpContext context) in c:\Users\thanh\AppData\Local\Temp\Temporary ASP.NET Files\vs\4bc89b02\1da8926c\App_Web_default.aspx.cdcab7d2.mz9nqv2d.0.cs:line 0
   at System.Web.HttpApplication.CallHandlerExecutionStep.System.Web.HttpApplication.IExecutionStep.Execute()
   at System.Web.HttpApplication.ExecuteStepImpl(IExecutionStep step)
   at System.Web.HttpApplication.ExecuteStep(IExecutionStep step, Boolean& completedSynchronously)


Time : 06/03/2022 10:00:03
IP : ::1
URL : http://localhost:12347/KhoiNguyen/
Message : The wait operation timed out
Source : 
TargetSite : 
StackTrace : 


Time : 06/03/2022 10:00:03
IP : ::1
URL : http://localhost:12347/KhoiNguyen/
Message : Exception of type 'System.Web.HttpUnhandledException' was thrown.
Source : System.Web
TargetSite : Boolean HandleError(System.Exception)
StackTrace :    at System.Web.UI.Page.HandleError(Exception e)
   at System.Web.UI.Page.ProcessRequestMain(Boolean includeStagesBeforeAsyncPoint, Boolean includeStagesAfterAsyncPoint)
   at System.Web.UI.Page.ProcessRequest(Boolean includeStagesBeforeAsyncPoint, Boolean includeStagesAfterAsyncPoint)
   at System.Web.UI.Page.ProcessRequest()
   at System.Web.UI.Page.ProcessRequest(HttpContext context)
   at ASP.khoinguyen_default_aspx.ProcessRequest(HttpContext context) in c:\Users\thanh\AppData\Local\Temp\Temporary ASP.NET Files\vs\4bc89b02\1da8926c\App_Web_default.aspx.45176fc5.hmt8-ubf.0.cs:line 0
   at System.Web.HttpApplication.CallHandlerExecutionStep.System.Web.HttpApplication.IExecutionStep.Execute()
   at System.Web.HttpApplication.ExecuteStepImpl(IExecutionStep step)
   at System.Web.HttpApplication.ExecuteStep(IExecutionStep step, Boolean& completedSynchronously)


Time : 06/03/2022 10:05:12
IP : ::1
URL : http://localhost:12347/bon-cau-2-khoi-toto-cs986gt9.html
Message : Execution Timeout Expired.  The timeout period elapsed prior to completion of the operation or the server is not responding.
SQLText : SELECT [Name],[MenuID],[Code],[File],[Price],[Price2],[Order],[Activity] FROM [Mod_Product] with (NOLOCK)  WHERE (([Activity]=1) AND ([ID]<>7019)) AND ([MenuID] IN (1383)) ORDER BY [Order] DESC,[ID] DESC
SQLParameters : 
Source : VSW.Corev2.0
TargetSite : System.Data.DataSet ExecuteDataSet(System.String, System.String, System.Object[])
StackTrace :    at VSW.Core.Data.SQLCmd.ExecuteDataSet(String connectionString, String command, Object[] Params) in D:\khoinguyen\VSW.Corev2.0\Data\SQLCmd.cs:line 20
   at VSW.Core.Data.SQLCmd.ExecuteDataTable(String connectionString, String command, Object[] Params) in D:\khoinguyen\VSW.Corev2.0\Data\SQLCmd.cs:line 26
   at VSW.Core.Models.ServiceBase`1.ExecuteDataTable(String command, Object[] Params) in D:\khoinguyen\VSW.Corev2.0\Models\ServiceBase.cs:line 132
   at VSW.Core.Models.DBQuery`1.ToList() in D:\khoinguyen\VSW.Corev2.0\Models\DBQuery.cs:line 402
   at VSW.Core.Models.DBQuery`1.ToList_Cache() in D:\khoinguyen\VSW.Corev2.0\Models\DBQuery.cs:line 460
   at VSW.Lib.Controllers.MProductController.ActionDetail(String endCode) in D:\khoinguyen\khoinguyen-lamlai\VSW.Lib\Controllers\MProductController.cs:line 106


Time : 06/03/2022 10:05:12
IP : ::1
URL : http://localhost:12347/bon-cau-2-khoi-toto-cs986gt9.html
Message : Exception has been thrown by the target of an invocation.
Source : mscorlib
TargetSite : System.Object InvokeMethod(System.Object, System.Object[], System.Signature, Boolean)
StackTrace :    at System.RuntimeMethodHandle.InvokeMethod(Object target, Object[] arguments, Signature sig, Boolean constructor)
   at System.Reflection.RuntimeMethodInfo.UnsafeInvokeInternal(Object obj, Object[] parameters, Object[] arguments)
   at System.Reflection.RuntimeMethodInfo.Invoke(Object obj, BindingFlags invokeAttr, Binder binder, Object[] parameters, CultureInfo culture)
   at System.RuntimeType.InvokeMember(String name, BindingFlags bindingFlags, Binder binder, Object target, Object[] providedArgs, ParameterModifier[] modifiers, CultureInfo culture, String[] namedParams)
   at System.Type.InvokeMember(String name, BindingFlags invokeAttr, Binder binder, Object target, Object[] args, CultureInfo culture)
   at VSW.Core.Global.Class.CallMethod(String methodName, Object[] args) in D:\khoinguyen\VSW.Corev2.0\Global\Class.cs:line 62
   at VSW.Core.MVC.ViewPageRender.RenderPage(ViewPageBase viewPage, Controller controller, Class class, String methodName) in D:\khoinguyen\VSW.Corev2.0\MVC\ViewPageRender.cs:line 37
   at VSW.Core.MVC.ViewPageBase.thanhhung_3(Class class, String action) in D:\khoinguyen\VSW.Corev2.0\MVC\ViewPageBase.cs:line 167
   at VSW.Core.MVC.ViewPage.thanhhung_6() in D:\khoinguyen\VSW.Corev2.0\MVC\ViewPage.cs:line 484
   at VSW.Core.MVC.ViewPage.InitializeCulture() in D:\khoinguyen\VSW.Corev2.0\MVC\ViewPage.cs:line 236
   at ASP.default_aspx.__BuildControlTree(default_aspx __ctrl) in d:\khoinguyen\khoinguyen-lamlai\VSW.Website\Default.aspx:line 1
   at ASP.default_aspx.FrameworkInitialize() in c:\Users\thanh\AppData\Local\Temp\Temporary ASP.NET Files\vs\4bc89b02\1da8926c\App_Web_default.aspx.cdcab7d2.mz9nqv2d.0.cs:line 0
   at System.Web.UI.Page.ProcessRequest(Boolean includeStagesBeforeAsyncPoint, Boolean includeStagesAfterAsyncPoint)
   at System.Web.UI.Page.ProcessRequest()
   at System.Web.UI.Page.ProcessRequest(HttpContext context)
   at ASP.default_aspx.ProcessRequest(HttpContext context) in c:\Users\thanh\AppData\Local\Temp\Temporary ASP.NET Files\vs\4bc89b02\1da8926c\App_Web_default.aspx.cdcab7d2.mz9nqv2d.0.cs:line 0
   at System.Web.HttpApplication.CallHandlerExecutionStep.System.Web.HttpApplication.IExecutionStep.Execute()
   at System.Web.HttpApplication.ExecuteStepImpl(IExecutionStep step)
   at System.Web.HttpApplication.ExecuteStep(IExecutionStep step, Boolean& completedSynchronously)


Time : 07/03/2022 04:44:00
IP : ::1
URL : http://localhost:12347/
Message : Execution Timeout Expired.  The timeout period elapsed prior to completion of the operation or the server is not responding.
SQLText : SELECT * FROM [Sys_Page] with (NOLOCK)  WHERE ([Activity]=1)
SQLParameters : 
Source : VSW.Corev2.0
TargetSite : System.Data.DataSet ExecuteDataSet(System.String, System.String, System.Object[])
StackTrace :    at VSW.Core.Data.SQLCmd.ExecuteDataSet(String connectionString, String command, Object[] Params) in D:\khoinguyen\VSW.Corev2.0\Data\SQLCmd.cs:line 20
   at VSW.Core.Data.SQLCmd.ExecuteDataTable(String connectionString, String command, Object[] Params) in D:\khoinguyen\VSW.Corev2.0\Data\SQLCmd.cs:line 26
   at VSW.Core.Models.ServiceBase`1.ExecuteDataTable(String command, Object[] Params) in D:\khoinguyen\VSW.Corev2.0\Models\ServiceBase.cs:line 137
   at VSW.Core.Models.DBQuery`1.ToList() in D:\khoinguyen\VSW.Corev2.0\Models\DBQuery.cs:line 402
   at VSW.Core.Models.DBQuery`1.ToList_Cache() in D:\khoinguyen\VSW.Corev2.0\Models\DBQuery.cs:line 460
   at VSW.Lib.Models.SysPageService.GetAll_Cache() in D:\khoinguyen\khoinguyen-lamlai\VSW.Lib\Models\SysPageModel.cs:line 316
   at VSW.Lib.Models.SysPageService.VSW_Core_GetByID(Int32 id) in D:\khoinguyen\khoinguyen-lamlai\VSW.Lib\Models\SysPageModel.cs:line 327
   at VSW.Core.MVC.ViewPage.InitializeCulture() in D:\khoinguyen\VSW.Corev2.0\MVC\ViewPage.cs:line 205
   at ASP.default_aspx.__BuildControlTree(default_aspx __ctrl) in d:\khoinguyen\khoinguyen-lamlai\VSW.Website\Default.aspx:line 1
   at ASP.default_aspx.FrameworkInitialize() in c:\Users\thanh\AppData\Local\Temp\Temporary ASP.NET Files\vs\4bc89b02\1da8926c\App_Web_default.aspx.cdcab7d2.o8_ybfgi.0.cs:line 0
   at System.Web.UI.Page.ProcessRequest(Boolean includeStagesBeforeAsyncPoint, Boolean includeStagesAfterAsyncPoint)
   at System.Web.UI.Page.ProcessRequest()
   at System.Web.UI.Page.ProcessRequest(HttpContext context)
   at ASP.default_aspx.ProcessRequest(HttpContext context) in c:\Users\thanh\AppData\Local\Temp\Temporary ASP.NET Files\vs\4bc89b02\1da8926c\App_Web_default.aspx.cdcab7d2.o8_ybfgi.0.cs:line 0
   at System.Web.HttpApplication.CallHandlerExecutionStep.System.Web.HttpApplication.IExecutionStep.Execute()
   at System.Web.HttpApplication.ExecuteStepImpl(IExecutionStep step)
   at System.Web.HttpApplication.ExecuteStep(IExecutionStep step, Boolean& completedSynchronously)


Time : 07/03/2022 04:44:00
IP : ::1
URL : http://localhost:12347/
Message : Execution Timeout Expired.  The timeout period elapsed prior to completion of the operation or the server is not responding.
SQLText : SELECT * FROM [Sys_Page] with (NOLOCK)  WHERE ([Activity]=1)
SQLParameters : 
Source : VSW.Corev2.0
TargetSite : System.Data.DataSet ExecuteDataSet(System.String, System.String, System.Object[])
StackTrace :    at VSW.Core.Data.SQLCmd.ExecuteDataSet(String connectionString, String command, Object[] Params) in D:\khoinguyen\VSW.Corev2.0\Data\SQLCmd.cs:line 20
   at VSW.Core.Data.SQLCmd.ExecuteDataTable(String connectionString, String command, Object[] Params) in D:\khoinguyen\VSW.Corev2.0\Data\SQLCmd.cs:line 26
   at VSW.Core.Models.ServiceBase`1.ExecuteDataTable(String command, Object[] Params) in D:\khoinguyen\VSW.Corev2.0\Models\ServiceBase.cs:line 137
   at VSW.Core.Models.DBQuery`1.ToList() in D:\khoinguyen\VSW.Corev2.0\Models\DBQuery.cs:line 402
   at VSW.Core.Models.DBQuery`1.ToList_Cache() in D:\khoinguyen\VSW.Corev2.0\Models\DBQuery.cs:line 460
   at VSW.Lib.Models.SysPageService.GetAll_Cache() in D:\khoinguyen\khoinguyen-lamlai\VSW.Lib\Models\SysPageModel.cs:line 316
   at VSW.Lib.Models.SysPageService.VSW_Core_GetByID(Int32 id) in D:\khoinguyen\khoinguyen-lamlai\VSW.Lib\Models\SysPageModel.cs:line 327
   at VSW.Core.MVC.ViewPage.InitializeCulture() in D:\khoinguyen\VSW.Corev2.0\MVC\ViewPage.cs:line 205
   at ASP.default_aspx.__BuildControlTree(default_aspx __ctrl) in d:\khoinguyen\khoinguyen-lamlai\VSW.Website\Default.aspx:line 1
   at ASP.default_aspx.FrameworkInitialize() in c:\Users\thanh\AppData\Local\Temp\Temporary ASP.NET Files\vs\4bc89b02\1da8926c\App_Web_default.aspx.cdcab7d2.o8_ybfgi.0.cs:line 0
   at System.Web.UI.Page.ProcessRequest(Boolean includeStagesBeforeAsyncPoint, Boolean includeStagesAfterAsyncPoint)
   at System.Web.UI.Page.ProcessRequest()
   at System.Web.UI.Page.ProcessRequest(HttpContext context)
   at ASP.default_aspx.ProcessRequest(HttpContext context) in c:\Users\thanh\AppData\Local\Temp\Temporary ASP.NET Files\vs\4bc89b02\1da8926c\App_Web_default.aspx.cdcab7d2.o8_ybfgi.0.cs:line 0
   at System.Web.HttpApplication.CallHandlerExecutionStep.System.Web.HttpApplication.IExecutionStep.Execute()
   at System.Web.HttpApplication.ExecuteStepImpl(IExecutionStep step)
   at System.Web.HttpApplication.ExecuteStep(IExecutionStep step, Boolean& completedSynchronously)


Time : 07/03/2022 04:44:24
IP : ::1
URL : http://localhost:12347/favicon.html
Message : A network-related or instance-specific error occurred while establishing a connection to SQL Server. The server was not found or was not accessible. Verify that the instance name is correct and that SQL Server is configured to allow remote connections. (provider: SQL Network Interfaces, error: 26 - Error Locating Server/Instance Specified)
SQLText : SELECT TOP 1 * FROM [Mod_CleanURL] with (NOLOCK)  WHERE (([Code]=@p1000) AND ([LangID]=1))
SQLParameters : @p1000=favicon, 
Source : VSW.Corev2.0
TargetSite : System.Data.DataSet ExecuteDataSet(System.String, System.String, System.Object[])
StackTrace :    at VSW.Core.Data.SQLCmd.ExecuteDataSet(String connectionString, String command, Object[] Params) in D:\khoinguyen\VSW.Corev2.0\Data\SQLCmd.cs:line 20
   at VSW.Core.Data.SQLCmd.ExecuteDataTable(String connectionString, String command, Object[] Params) in D:\khoinguyen\VSW.Corev2.0\Data\SQLCmd.cs:line 26
   at VSW.Core.Models.ServiceBase`1.ExecuteDataTable(String command, Object[] Params) in D:\khoinguyen\VSW.Corev2.0\Models\ServiceBase.cs:line 137
   at VSW.Core.Models.DBQuery`1.ToList() in D:\khoinguyen\VSW.Corev2.0\Models\DBQuery.cs:line 402
   at VSW.Core.Models.DBQuery`1.ToSingle() in D:\khoinguyen\VSW.Corev2.0\Models\DBQuery.cs:line 496
   at VSW.Lib.Models.ModCleanURLService.GetByCode(String code, Int32 langId) in D:\khoinguyen\khoinguyen-lamlai\VSW.Lib\Models\ModCleanURLModel.cs:line 53
   at VSW.Lib.Models.SysPageService.VSW_Core_CurrentPage(ViewPage viewPage) in D:\khoinguyen\khoinguyen-lamlai\VSW.Lib\Models\SysPageModel.cs:line 394
   at VSW.Core.MVC.ViewPage.InitializeCulture() in D:\khoinguyen\VSW.Corev2.0\MVC\ViewPage.cs:line 211
   at ASP.default_aspx.__BuildControlTree(default_aspx __ctrl) in d:\khoinguyen\khoinguyen-lamlai\VSW.Website\Default.aspx:line 1
   at ASP.default_aspx.FrameworkInitialize() in c:\Users\thanh\AppData\Local\Temp\Temporary ASP.NET Files\vs\4bc89b02\1da8926c\App_Web_default.aspx.cdcab7d2.o8_ybfgi.0.cs:line 0
   at System.Web.UI.Page.ProcessRequest(Boolean includeStagesBeforeAsyncPoint, Boolean includeStagesAfterAsyncPoint)
   at System.Web.UI.Page.ProcessRequest()
   at System.Web.UI.Page.ProcessRequest(HttpContext context)
   at ASP.default_aspx.ProcessRequest(HttpContext context) in c:\Users\thanh\AppData\Local\Temp\Temporary ASP.NET Files\vs\4bc89b02\1da8926c\App_Web_default.aspx.cdcab7d2.o8_ybfgi.0.cs:line 0
   at System.Web.HttpApplication.CallHandlerExecutionStep.System.Web.HttpApplication.IExecutionStep.Execute()
   at System.Web.HttpApplication.ExecuteStepImpl(IExecutionStep step)
   at System.Web.HttpApplication.ExecuteStep(IExecutionStep step, Boolean& completedSynchronously)


